#
# A fatal error has been detected by the Java Runtime Environment:
#
#  EXCEPTION_ACCESS_VIOLATION (0xc0000005) at pc=0x00007ffdc0569d13, pid=32876, tid=38716
#
# JRE version: OpenJDK Runtime Environment Corretto-18.0.2.9.1 (18.0.2+9) (build 18.0.2+9-FR)
# Java VM: OpenJDK 64-Bit Server VM Corretto-18.0.2.9.1 (18.0.2+9-FR, mixed mode, sharing, tiered, compressed oops, compressed class ptrs, g1 gc, windows-amd64)
# Problematic frame:
# C  [nvoglv64.dll+0xfb9d13]
#
# No core dump will be written. Minidumps are not enabled by default on client versions of Windows
#
# If you would like to submit a bug report, please visit:
#   https://github.com/corretto/corretto-18/issues/
# The crash happened outside the Java Virtual Machine in native code.
# See problematic frame for where to report the bug.
#

---------------  S U M M A R Y ------------

Command Line: -Dfile.encoding=windows-1252 -Duser.country=NL -Duser.language=nl -Duser.variant nl.jasper.flappy.FlappyBird

Host: AMD Ryzen 9 3900X 12-Core Processor            , 24 cores, 31G,  Windows 11 , 64 bit Build 22621 (10.0.22621.3374)
Time: Sat Apr 20 21:51:00 2024 West-Europa (zomertijd) elapsed time: 0.665680 seconds (0d 0h 0m 0s)

---------------  T H R E A D  ---------------

Current thread (0x00000145cc209770):  JavaThread "flappyBird" [_thread_in_native, id=38716, stack(0x0000003712300000,0x0000003712400000)]

Stack: [0x0000003712300000,0x0000003712400000],  sp=0x00000037123ff3f8,  free space=1020k
Native frames: (J=compiled Java code, j=interpreted, Vv=VM code, C=native code)
C  [nvoglv64.dll+0xfb9d13]

Java frames: (J=compiled Java code, j=interpreted, Vv=VM code)
j  org.lwjgl.opengl.GL11C.nglDrawElements(IIIJ)V+0
j  org.lwjgl.opengl.GL11C.glDrawElements(IIIJ)V+4
j  org.lwjgl.opengl.GL11.glDrawElements(IIIJ)V+4
j  nl.jasper.flappy.render.Mesh.draw()V+9
j  nl.jasper.flappy.FlappyBird.start()V+235
j  nl.jasper.flappy.FlappyBird.flappyBird([Ljava/lang/String;)V+7
v  ~StubRoutines::call_stub

siginfo: EXCEPTION_ACCESS_VIOLATION (0xc0000005), reading address 0x0000000000000000


Register to memory mapping:

RIP=0x00007ffdc0569d13 nvoglv64.dll
RAX=0x0000014585243c60 points into unknown readable memory: 0x0000000000000000 | 00 00 00 00 00 00 00 00
RBX=0x0000014585243c44 points into unknown readable memory: 06 c0 01 00
RCX=0x0000014585243c60 points into unknown readable memory: 0x0000000000000000 | 00 00 00 00 00 00 00 00
RDX=0x0 is NULL
RSP=0x00000037123ff3f8 is pointing into the stack for thread: 0x00000145cc209770
RBP=0x0000000000000038 is an unknown value
RSI=0x0000000000000003 is an unknown value
RDI=0x000001458000b080 points into unknown readable memory: 0x0000000000000000 | 00 00 00 00 00 00 00 00
R8 =0x000000000000000c is an unknown value
R9 =0x00007ffdc0569d13 nvoglv64.dll
R10=0x00007ffdbf5b0000 nvoglv64.dll
R11=0x0000000000000003 is an unknown value
R12=0x0000000000000004 is an unknown value
R13=0x0000000000001405 is an unknown value
R14=0x000000000000000c is an unknown value
R15=0x0 is NULL


Registers:
RAX=0x0000014585243c60, RBX=0x0000014585243c44, RCX=0x0000014585243c60, RDX=0x0000000000000000
RSP=0x00000037123ff3f8, RBP=0x0000000000000038, RSI=0x0000000000000003, RDI=0x000001458000b080
R8 =0x000000000000000c, R9 =0x00007ffdc0569d13, R10=0x00007ffdbf5b0000, R11=0x0000000000000003
R12=0x0000000000000004, R13=0x0000000000001405, R14=0x000000000000000c, R15=0x0000000000000000
RIP=0x00007ffdc0569d13, EFLAGS=0x0000000000010202

Top of Stack: (sp=0x00000037123ff3f8)
0x00000037123ff3f8:   00007ffdbfad068c 00000145cc209770
0x00000037123ff408:   00000145cc209770 00000037123ff520
0x00000037123ff418:   00007ffdc50d2e45 00000037123ff440
0x00000037123ff428:   00000145c9ec0270 000000000017555d
0x00000037123ff438:   00000145d3de4caf 00000145fae134c0
0x00000037123ff448:   00000145cc209770 00000145d3dc94fe
0x00000037123ff458:   00000145d3dcd48e 00000145cc209770
0x00000037123ff468:   00000145fae134c0 0000000000000000
0x00000037123ff478:   00000145d3dc94fe 00000145fa8183b0
0x00000037123ff488:   00000145d3dcd621 00000037123ff520
0x00000037123ff498:   00007ffdc536e300 00000037123ff560
0x00000037123ff4a8:   00000145fae134c0 0000014500001405
0x00000037123ff4b8:   0000000000000000 00000145d3dc94fe
0x00000037123ff4c8:   00007ffdc5367ac7 00000145d3dcd2f6
0x00000037123ff4d8:   00000037123ff4d8 00000145fae134c0
0x00000037123ff4e8:   00000037123ff560 00000145fae1db28 

Instructions: (pc=0x00007ffdc0569d13)
0x00007ffdc0569c13:   8b f9 48 8b f2 49 8b c8 f3 a4 5e 5f c3 cc cc cc
0x00007ffdc0569c23:   cc cc cc 66 66 0f 1f 84 00 00 00 00 00 48 8b c1
0x00007ffdc0569c33:   4c 8d 15 c6 63 04 ff 49 83 f8 0f 0f 87 0c 01 00
0x00007ffdc0569c43:   00 66 66 66 66 0f 1f 84 00 00 00 00 00 47 8b 8c
0x00007ffdc0569c53:   82 10 fa c5 02 4d 03 ca 41 ff e1 c3 90 4c 8b 02
0x00007ffdc0569c63:   8b 4a 08 44 0f b7 4a 0c 44 0f b6 52 0e 4c 89 00
0x00007ffdc0569c73:   89 48 08 66 44 89 48 0c 44 88 50 0e c3 4c 8b 02
0x00007ffdc0569c83:   0f b7 4a 08 44 0f b6 4a 0a 4c 89 00 66 89 48 08
0x00007ffdc0569c93:   44 88 48 0a c3 0f b7 0a 66 89 08 c3 90 8b 0a 44
0x00007ffdc0569ca3:   0f b7 42 04 44 0f b6 4a 06 89 08 66 44 89 40 04
0x00007ffdc0569cb3:   44 88 48 06 c3 4c 8b 02 8b 4a 08 44 0f b7 4a 0c
0x00007ffdc0569cc3:   4c 89 00 89 48 08 66 44 89 48 0c c3 0f b7 0a 44
0x00007ffdc0569cd3:   0f b6 42 02 66 89 08 44 88 40 02 c3 90 4c 8b 02
0x00007ffdc0569ce3:   8b 4a 08 44 0f b6 4a 0c 4c 89 00 89 48 08 44 88
0x00007ffdc0569cf3:   48 0c c3 4c 8b 02 0f b7 4a 08 4c 89 00 66 89 48
0x00007ffdc0569d03:   08 c3 4c 8b 02 0f b6 4a 08 4c 89 00 88 48 08 c3
0x00007ffdc0569d13:   4c 8b 02 8b 4a 08 4c 89 00 89 48 08 c3 8b 0a 44
0x00007ffdc0569d23:   0f b7 42 04 89 08 66 44 89 40 04 c3 8b 0a 44 0f
0x00007ffdc0569d33:   b6 42 04 89 08 44 88 40 04 c3 48 8b 0a 48 89 08
0x00007ffdc0569d43:   c3 0f b6 0a 88 08 c3 8b 0a 89 08 c3 90 49 83 f8
0x00007ffdc0569d53:   20 77 17 f3 0f 6f 0a f3 42 0f 6f 54 02 f0 f3 0f
0x00007ffdc0569d63:   7f 09 f3 42 0f 7f 54 01 f0 c3 48 3b d1 73 0e 4e
0x00007ffdc0569d73:   8d 0c 02 49 3b c9 0f 82 41 04 00 00 90 83 3d 59
0x00007ffdc0569d83:   09 aa 01 03 0f 82 e3 02 00 00 49 81 f8 00 20 00
0x00007ffdc0569d93:   00 76 16 49 81 f8 00 00 18 00 77 0d f6 05 6e 78
0x00007ffdc0569da3:   ba 01 02 0f 85 64 fe ff ff c5 fe 6f 02 c4 a1 7e
0x00007ffdc0569db3:   6f 6c 02 e0 49 81 f8 00 01 00 00 0f 86 c4 00 00
0x00007ffdc0569dc3:   00 4c 8b c9 49 83 e1 1f 49 83 e9 20 49 2b c9 49
0x00007ffdc0569dd3:   2b d1 4d 03 c1 49 81 f8 00 01 00 00 0f 86 a3 00
0x00007ffdc0569de3:   00 00 49 81 f8 00 00 18 00 0f 87 3e 01 00 00 66
0x00007ffdc0569df3:   66 66 66 66 66 0f 1f 84 00 00 00 00 00 c5 fe 6f
0x00007ffdc0569e03:   0a c5 fe 6f 52 20 c5 fe 6f 5a 40 c5 fe 6f 62 60 


Stack slot to memory mapping:
stack at sp + 0 slots: 0x00007ffdbfad068c nvoglv64.dll
stack at sp + 1 slots: 0x00000145cc209770 is a thread
stack at sp + 2 slots: 0x00000145cc209770 is a thread
stack at sp + 3 slots: 0x00000037123ff520 is pointing into the stack for thread: 0x00000145cc209770
stack at sp + 4 slots: 0x00007ffdc50d2e45 jvm.dll
stack at sp + 5 slots: 0x00000037123ff440 is pointing into the stack for thread: 0x00000145cc209770
stack at sp + 6 slots: 0x00000145c9ec0270 points into unknown readable memory: 0x0000014500000002 | 02 00 00 00 45 01 00 00
stack at sp + 7 slots: 0x000000000017555d is an unknown value


---------------  P R O C E S S  ---------------

Threads class SMR info:
_java_thread_list=0x00000145fee3ffd0, length=13, elements={
0x00000145cc209770, 0x00000145fa1a9b90, 0x00000145fa1aa7f0, 0x00000145fa1c62f0,
0x00000145fa1c6c90, 0x00000145fa1c7630, 0x00000145fa1c7fd0, 0x00000145fa1c8ca0,
0x00000145fa1d6fa0, 0x00000145fa1da1b0, 0x00000145fa2f7750, 0x00000145fa3066c0,
0x00000145fa309a30
}

Java Threads: ( => current thread )
=>0x00000145cc209770 JavaThread "flappyBird" [_thread_in_native, id=38716, stack(0x0000003712300000,0x0000003712400000)]
  0x00000145fa1a9b90 JavaThread "Reference Handler" daemon [_thread_blocked, id=2100, stack(0x0000003712a00000,0x0000003712b00000)]
  0x00000145fa1aa7f0 JavaThread "Finalizer" daemon [_thread_blocked, id=44052, stack(0x0000003712b00000,0x0000003712c00000)]
  0x00000145fa1c62f0 JavaThread "Signal Dispatcher" daemon [_thread_blocked, id=38924, stack(0x0000003712c00000,0x0000003712d00000)]
  0x00000145fa1c6c90 JavaThread "Attach Listener" daemon [_thread_blocked, id=27768, stack(0x0000003712d00000,0x0000003712e00000)]
  0x00000145fa1c7630 JavaThread "Service Thread" daemon [_thread_blocked, id=42952, stack(0x0000003712e00000,0x0000003712f00000)]
  0x00000145fa1c7fd0 JavaThread "Monitor Deflation Thread" daemon [_thread_blocked, id=34156, stack(0x0000003712f00000,0x0000003713000000)]
  0x00000145fa1c8ca0 JavaThread "C2 CompilerThread0" daemon [_thread_blocked, id=11864, stack(0x0000003713000000,0x0000003713100000)]
  0x00000145fa1d6fa0 JavaThread "C1 CompilerThread0" daemon [_thread_blocked, id=29748, stack(0x0000003713100000,0x0000003713200000)]
  0x00000145fa1da1b0 JavaThread "Sweeper thread" daemon [_thread_blocked, id=30596, stack(0x0000003713200000,0x0000003713300000)]
  0x00000145fa2f7750 JavaThread "C1 CompilerThread1" daemon [_thread_blocked, id=24536, stack(0x0000003713300000,0x0000003713400000)]
  0x00000145fa3066c0 JavaThread "Notification Thread" daemon [_thread_blocked, id=30708, stack(0x0000003713400000,0x0000003713500000)]
  0x00000145fa309a30 JavaThread "Common-Cleaner" daemon [_thread_blocked, id=35316, stack(0x0000003713600000,0x0000003713700000)]

Other Threads:
  0x00000145fa1a3f50 VMThread "VM Thread" [stack: 0x0000003712900000,0x0000003712a00000] [id=45024]
  0x00000145fa308fa0 WatcherThread "VM Periodic Task Thread" [stack: 0x0000003713500000,0x0000003713600000] [id=19164]
  0x00000145f6c74910 WorkerThread "GC Thread#0" [stack: 0x0000003712400000,0x0000003712500000] [id=37788]
  0x00000145cc2bd0f0 ConcurrentGCThread "G1 Main Marker" [stack: 0x0000003712500000,0x0000003712600000] [id=41612]
  0x00000145cc2bdae0 WorkerThread "G1 Conc#0" [stack: 0x0000003712600000,0x0000003712700000] [id=39788]
  0x00000145cc22e0b0 ConcurrentGCThread "G1 Refine#0" [stack: 0x0000003712700000,0x0000003712800000] [id=22712]
  0x00000145f6d3c700 ConcurrentGCThread "G1 Service" [stack: 0x0000003712800000,0x0000003712900000] [id=35832]

Threads with active compile tasks:

VM state: not at safepoint (normal execution)

VM Mutex/Monitor currently owned by a thread: None

Heap address: 0x0000000600800000, size: 8184 MB, Compressed Oops mode: Zero based, Oop shift amount: 3

CDS archive(s) mapped at: [0x0000000800000000-0x0000000800ba0000-0x0000000800ba0000), size 12189696, SharedBaseAddress: 0x0000000800000000, ArchiveRelocationMode: 0.
Compressed class space mapped at: 0x0000000800c00000-0x0000000840c00000, reserved size: 1073741824
Narrow klass base: 0x0000000800000000, Narrow klass shift: 0, Narrow klass range: 0x100000000

GC Precious Log:
 CardTable entry size: 512
 Card Set container configuration: InlinePtr #cards 4 size 8 Array Of Cards #cards 32 size 80 Howl #buckets 8 coarsen threshold 7372 Howl Bitmap #cards 1024 size 144 coarsen threshold 921 Card regions per heap region 1 cards per card region 8192
 CPUs: 24 total, 24 available
 Memory: 32720M
 Large Page Support: Disabled
 NUMA Support: Disabled
 Compressed Oops: Enabled (Zero based)
 Heap Region Size: 4M
 Heap Min Capacity: 8M
 Heap Initial Capacity: 512M
 Heap Max Capacity: 8184M
 Pre-touch: Disabled
 Parallel Workers: 18
 Concurrent Workers: 5
 Concurrent Refinement Workers: 18
 Periodic GC: Disabled

Heap:
 garbage-first heap   total 524288K, used 8192K [0x0000000600800000, 0x0000000800000000)
  region size 4096K, 3 young (12288K), 0 survivors (0K)
 Metaspace       used 3976K, committed 4096K, reserved 1114112K
  class space    used 206K, committed 256K, reserved 1048576K

Heap Regions: E=young(eden), S=young(survivor), O=old, HS=humongous(starts), HC=humongous(continues), CS=collection set, F=free, OA=open archive, CA=closed archive, TAMS=top-at-mark-start (previous, next)
|   0|0x0000000600800000, 0x0000000600800000, 0x0000000600c00000|  0%| F|  |TAMS 0x0000000600800000, 0x0000000600800000| Untracked 
|   1|0x0000000600c00000, 0x0000000600c00000, 0x0000000601000000|  0%| F|  |TAMS 0x0000000600c00000, 0x0000000600c00000| Untracked 
|   2|0x0000000601000000, 0x0000000601000000, 0x0000000601400000|  0%| F|  |TAMS 0x0000000601000000, 0x0000000601000000| Untracked 
|   3|0x0000000601400000, 0x0000000601400000, 0x0000000601800000|  0%| F|  |TAMS 0x0000000601400000, 0x0000000601400000| Untracked 
|   4|0x0000000601800000, 0x0000000601800000, 0x0000000601c00000|  0%| F|  |TAMS 0x0000000601800000, 0x0000000601800000| Untracked 
|   5|0x0000000601c00000, 0x0000000601c00000, 0x0000000602000000|  0%| F|  |TAMS 0x0000000601c00000, 0x0000000601c00000| Untracked 
|   6|0x0000000602000000, 0x0000000602000000, 0x0000000602400000|  0%| F|  |TAMS 0x0000000602000000, 0x0000000602000000| Untracked 
|   7|0x0000000602400000, 0x0000000602400000, 0x0000000602800000|  0%| F|  |TAMS 0x0000000602400000, 0x0000000602400000| Untracked 
|   8|0x0000000602800000, 0x0000000602800000, 0x0000000602c00000|  0%| F|  |TAMS 0x0000000602800000, 0x0000000602800000| Untracked 
|   9|0x0000000602c00000, 0x0000000602c00000, 0x0000000603000000|  0%| F|  |TAMS 0x0000000602c00000, 0x0000000602c00000| Untracked 
|  10|0x0000000603000000, 0x0000000603000000, 0x0000000603400000|  0%| F|  |TAMS 0x0000000603000000, 0x0000000603000000| Untracked 
|  11|0x0000000603400000, 0x0000000603400000, 0x0000000603800000|  0%| F|  |TAMS 0x0000000603400000, 0x0000000603400000| Untracked 
|  12|0x0000000603800000, 0x0000000603800000, 0x0000000603c00000|  0%| F|  |TAMS 0x0000000603800000, 0x0000000603800000| Untracked 
|  13|0x0000000603c00000, 0x0000000603c00000, 0x0000000604000000|  0%| F|  |TAMS 0x0000000603c00000, 0x0000000603c00000| Untracked 
|  14|0x0000000604000000, 0x0000000604000000, 0x0000000604400000|  0%| F|  |TAMS 0x0000000604000000, 0x0000000604000000| Untracked 
|  15|0x0000000604400000, 0x0000000604400000, 0x0000000604800000|  0%| F|  |TAMS 0x0000000604400000, 0x0000000604400000| Untracked 
|  16|0x0000000604800000, 0x0000000604800000, 0x0000000604c00000|  0%| F|  |TAMS 0x0000000604800000, 0x0000000604800000| Untracked 
|  17|0x0000000604c00000, 0x0000000604c00000, 0x0000000605000000|  0%| F|  |TAMS 0x0000000604c00000, 0x0000000604c00000| Untracked 
|  18|0x0000000605000000, 0x0000000605000000, 0x0000000605400000|  0%| F|  |TAMS 0x0000000605000000, 0x0000000605000000| Untracked 
|  19|0x0000000605400000, 0x0000000605400000, 0x0000000605800000|  0%| F|  |TAMS 0x0000000605400000, 0x0000000605400000| Untracked 
|  20|0x0000000605800000, 0x0000000605800000, 0x0000000605c00000|  0%| F|  |TAMS 0x0000000605800000, 0x0000000605800000| Untracked 
|  21|0x0000000605c00000, 0x0000000605c00000, 0x0000000606000000|  0%| F|  |TAMS 0x0000000605c00000, 0x0000000605c00000| Untracked 
|  22|0x0000000606000000, 0x0000000606000000, 0x0000000606400000|  0%| F|  |TAMS 0x0000000606000000, 0x0000000606000000| Untracked 
|  23|0x0000000606400000, 0x0000000606400000, 0x0000000606800000|  0%| F|  |TAMS 0x0000000606400000, 0x0000000606400000| Untracked 
|  24|0x0000000606800000, 0x0000000606800000, 0x0000000606c00000|  0%| F|  |TAMS 0x0000000606800000, 0x0000000606800000| Untracked 
|  25|0x0000000606c00000, 0x0000000606c00000, 0x0000000607000000|  0%| F|  |TAMS 0x0000000606c00000, 0x0000000606c00000| Untracked 
|  26|0x0000000607000000, 0x0000000607000000, 0x0000000607400000|  0%| F|  |TAMS 0x0000000607000000, 0x0000000607000000| Untracked 
|  27|0x0000000607400000, 0x0000000607400000, 0x0000000607800000|  0%| F|  |TAMS 0x0000000607400000, 0x0000000607400000| Untracked 
|  28|0x0000000607800000, 0x0000000607800000, 0x0000000607c00000|  0%| F|  |TAMS 0x0000000607800000, 0x0000000607800000| Untracked 
|  29|0x0000000607c00000, 0x0000000607c00000, 0x0000000608000000|  0%| F|  |TAMS 0x0000000607c00000, 0x0000000607c00000| Untracked 
|  30|0x0000000608000000, 0x0000000608000000, 0x0000000608400000|  0%| F|  |TAMS 0x0000000608000000, 0x0000000608000000| Untracked 
|  31|0x0000000608400000, 0x0000000608400000, 0x0000000608800000|  0%| F|  |TAMS 0x0000000608400000, 0x0000000608400000| Untracked 
|  32|0x0000000608800000, 0x0000000608800000, 0x0000000608c00000|  0%| F|  |TAMS 0x0000000608800000, 0x0000000608800000| Untracked 
|  33|0x0000000608c00000, 0x0000000608c00000, 0x0000000609000000|  0%| F|  |TAMS 0x0000000608c00000, 0x0000000608c00000| Untracked 
|  34|0x0000000609000000, 0x0000000609000000, 0x0000000609400000|  0%| F|  |TAMS 0x0000000609000000, 0x0000000609000000| Untracked 
|  35|0x0000000609400000, 0x0000000609400000, 0x0000000609800000|  0%| F|  |TAMS 0x0000000609400000, 0x0000000609400000| Untracked 
|  36|0x0000000609800000, 0x0000000609800000, 0x0000000609c00000|  0%| F|  |TAMS 0x0000000609800000, 0x0000000609800000| Untracked 
|  37|0x0000000609c00000, 0x0000000609c00000, 0x000000060a000000|  0%| F|  |TAMS 0x0000000609c00000, 0x0000000609c00000| Untracked 
|  38|0x000000060a000000, 0x000000060a000000, 0x000000060a400000|  0%| F|  |TAMS 0x000000060a000000, 0x000000060a000000| Untracked 
|  39|0x000000060a400000, 0x000000060a400000, 0x000000060a800000|  0%| F|  |TAMS 0x000000060a400000, 0x000000060a400000| Untracked 
|  40|0x000000060a800000, 0x000000060a800000, 0x000000060ac00000|  0%| F|  |TAMS 0x000000060a800000, 0x000000060a800000| Untracked 
|  41|0x000000060ac00000, 0x000000060ac00000, 0x000000060b000000|  0%| F|  |TAMS 0x000000060ac00000, 0x000000060ac00000| Untracked 
|  42|0x000000060b000000, 0x000000060b000000, 0x000000060b400000|  0%| F|  |TAMS 0x000000060b000000, 0x000000060b000000| Untracked 
|  43|0x000000060b400000, 0x000000060b400000, 0x000000060b800000|  0%| F|  |TAMS 0x000000060b400000, 0x000000060b400000| Untracked 
|  44|0x000000060b800000, 0x000000060b800000, 0x000000060bc00000|  0%| F|  |TAMS 0x000000060b800000, 0x000000060b800000| Untracked 
|  45|0x000000060bc00000, 0x000000060bc00000, 0x000000060c000000|  0%| F|  |TAMS 0x000000060bc00000, 0x000000060bc00000| Untracked 
|  46|0x000000060c000000, 0x000000060c000000, 0x000000060c400000|  0%| F|  |TAMS 0x000000060c000000, 0x000000060c000000| Untracked 
|  47|0x000000060c400000, 0x000000060c400000, 0x000000060c800000|  0%| F|  |TAMS 0x000000060c400000, 0x000000060c400000| Untracked 
|  48|0x000000060c800000, 0x000000060c800000, 0x000000060cc00000|  0%| F|  |TAMS 0x000000060c800000, 0x000000060c800000| Untracked 
|  49|0x000000060cc00000, 0x000000060cc00000, 0x000000060d000000|  0%| F|  |TAMS 0x000000060cc00000, 0x000000060cc00000| Untracked 
|  50|0x000000060d000000, 0x000000060d000000, 0x000000060d400000|  0%| F|  |TAMS 0x000000060d000000, 0x000000060d000000| Untracked 
|  51|0x000000060d400000, 0x000000060d400000, 0x000000060d800000|  0%| F|  |TAMS 0x000000060d400000, 0x000000060d400000| Untracked 
|  52|0x000000060d800000, 0x000000060d800000, 0x000000060dc00000|  0%| F|  |TAMS 0x000000060d800000, 0x000000060d800000| Untracked 
|  53|0x000000060dc00000, 0x000000060dc00000, 0x000000060e000000|  0%| F|  |TAMS 0x000000060dc00000, 0x000000060dc00000| Untracked 
|  54|0x000000060e000000, 0x000000060e000000, 0x000000060e400000|  0%| F|  |TAMS 0x000000060e000000, 0x000000060e000000| Untracked 
|  55|0x000000060e400000, 0x000000060e400000, 0x000000060e800000|  0%| F|  |TAMS 0x000000060e400000, 0x000000060e400000| Untracked 
|  56|0x000000060e800000, 0x000000060e800000, 0x000000060ec00000|  0%| F|  |TAMS 0x000000060e800000, 0x000000060e800000| Untracked 
|  57|0x000000060ec00000, 0x000000060ec00000, 0x000000060f000000|  0%| F|  |TAMS 0x000000060ec00000, 0x000000060ec00000| Untracked 
|  58|0x000000060f000000, 0x000000060f000000, 0x000000060f400000|  0%| F|  |TAMS 0x000000060f000000, 0x000000060f000000| Untracked 
|  59|0x000000060f400000, 0x000000060f400000, 0x000000060f800000|  0%| F|  |TAMS 0x000000060f400000, 0x000000060f400000| Untracked 
|  60|0x000000060f800000, 0x000000060f800000, 0x000000060fc00000|  0%| F|  |TAMS 0x000000060f800000, 0x000000060f800000| Untracked 
|  61|0x000000060fc00000, 0x000000060fc00000, 0x0000000610000000|  0%| F|  |TAMS 0x000000060fc00000, 0x000000060fc00000| Untracked 
|  62|0x0000000610000000, 0x0000000610000000, 0x0000000610400000|  0%| F|  |TAMS 0x0000000610000000, 0x0000000610000000| Untracked 
|  63|0x0000000610400000, 0x0000000610400000, 0x0000000610800000|  0%| F|  |TAMS 0x0000000610400000, 0x0000000610400000| Untracked 
|  64|0x0000000610800000, 0x0000000610800000, 0x0000000610c00000|  0%| F|  |TAMS 0x0000000610800000, 0x0000000610800000| Untracked 
|  65|0x0000000610c00000, 0x0000000610c00000, 0x0000000611000000|  0%| F|  |TAMS 0x0000000610c00000, 0x0000000610c00000| Untracked 
|  66|0x0000000611000000, 0x0000000611000000, 0x0000000611400000|  0%| F|  |TAMS 0x0000000611000000, 0x0000000611000000| Untracked 
|  67|0x0000000611400000, 0x0000000611400000, 0x0000000611800000|  0%| F|  |TAMS 0x0000000611400000, 0x0000000611400000| Untracked 
|  68|0x0000000611800000, 0x0000000611800000, 0x0000000611c00000|  0%| F|  |TAMS 0x0000000611800000, 0x0000000611800000| Untracked 
|  69|0x0000000611c00000, 0x0000000611c00000, 0x0000000612000000|  0%| F|  |TAMS 0x0000000611c00000, 0x0000000611c00000| Untracked 
|  70|0x0000000612000000, 0x0000000612000000, 0x0000000612400000|  0%| F|  |TAMS 0x0000000612000000, 0x0000000612000000| Untracked 
|  71|0x0000000612400000, 0x0000000612400000, 0x0000000612800000|  0%| F|  |TAMS 0x0000000612400000, 0x0000000612400000| Untracked 
|  72|0x0000000612800000, 0x0000000612800000, 0x0000000612c00000|  0%| F|  |TAMS 0x0000000612800000, 0x0000000612800000| Untracked 
|  73|0x0000000612c00000, 0x0000000612c00000, 0x0000000613000000|  0%| F|  |TAMS 0x0000000612c00000, 0x0000000612c00000| Untracked 
|  74|0x0000000613000000, 0x0000000613000000, 0x0000000613400000|  0%| F|  |TAMS 0x0000000613000000, 0x0000000613000000| Untracked 
|  75|0x0000000613400000, 0x0000000613400000, 0x0000000613800000|  0%| F|  |TAMS 0x0000000613400000, 0x0000000613400000| Untracked 
|  76|0x0000000613800000, 0x0000000613800000, 0x0000000613c00000|  0%| F|  |TAMS 0x0000000613800000, 0x0000000613800000| Untracked 
|  77|0x0000000613c00000, 0x0000000613c00000, 0x0000000614000000|  0%| F|  |TAMS 0x0000000613c00000, 0x0000000613c00000| Untracked 
|  78|0x0000000614000000, 0x0000000614000000, 0x0000000614400000|  0%| F|  |TAMS 0x0000000614000000, 0x0000000614000000| Untracked 
|  79|0x0000000614400000, 0x0000000614400000, 0x0000000614800000|  0%| F|  |TAMS 0x0000000614400000, 0x0000000614400000| Untracked 
|  80|0x0000000614800000, 0x0000000614800000, 0x0000000614c00000|  0%| F|  |TAMS 0x0000000614800000, 0x0000000614800000| Untracked 
|  81|0x0000000614c00000, 0x0000000614c00000, 0x0000000615000000|  0%| F|  |TAMS 0x0000000614c00000, 0x0000000614c00000| Untracked 
|  82|0x0000000615000000, 0x0000000615000000, 0x0000000615400000|  0%| F|  |TAMS 0x0000000615000000, 0x0000000615000000| Untracked 
|  83|0x0000000615400000, 0x0000000615400000, 0x0000000615800000|  0%| F|  |TAMS 0x0000000615400000, 0x0000000615400000| Untracked 
|  84|0x0000000615800000, 0x0000000615800000, 0x0000000615c00000|  0%| F|  |TAMS 0x0000000615800000, 0x0000000615800000| Untracked 
|  85|0x0000000615c00000, 0x0000000615c00000, 0x0000000616000000|  0%| F|  |TAMS 0x0000000615c00000, 0x0000000615c00000| Untracked 
|  86|0x0000000616000000, 0x0000000616000000, 0x0000000616400000|  0%| F|  |TAMS 0x0000000616000000, 0x0000000616000000| Untracked 
|  87|0x0000000616400000, 0x0000000616400000, 0x0000000616800000|  0%| F|  |TAMS 0x0000000616400000, 0x0000000616400000| Untracked 
|  88|0x0000000616800000, 0x0000000616800000, 0x0000000616c00000|  0%| F|  |TAMS 0x0000000616800000, 0x0000000616800000| Untracked 
|  89|0x0000000616c00000, 0x0000000616c00000, 0x0000000617000000|  0%| F|  |TAMS 0x0000000616c00000, 0x0000000616c00000| Untracked 
|  90|0x0000000617000000, 0x0000000617000000, 0x0000000617400000|  0%| F|  |TAMS 0x0000000617000000, 0x0000000617000000| Untracked 
|  91|0x0000000617400000, 0x0000000617400000, 0x0000000617800000|  0%| F|  |TAMS 0x0000000617400000, 0x0000000617400000| Untracked 
|  92|0x0000000617800000, 0x0000000617800000, 0x0000000617c00000|  0%| F|  |TAMS 0x0000000617800000, 0x0000000617800000| Untracked 
|  93|0x0000000617c00000, 0x0000000617c00000, 0x0000000618000000|  0%| F|  |TAMS 0x0000000617c00000, 0x0000000617c00000| Untracked 
|  94|0x0000000618000000, 0x0000000618000000, 0x0000000618400000|  0%| F|  |TAMS 0x0000000618000000, 0x0000000618000000| Untracked 
|  95|0x0000000618400000, 0x0000000618400000, 0x0000000618800000|  0%| F|  |TAMS 0x0000000618400000, 0x0000000618400000| Untracked 
|  96|0x0000000618800000, 0x0000000618800000, 0x0000000618c00000|  0%| F|  |TAMS 0x0000000618800000, 0x0000000618800000| Untracked 
|  97|0x0000000618c00000, 0x0000000618c00000, 0x0000000619000000|  0%| F|  |TAMS 0x0000000618c00000, 0x0000000618c00000| Untracked 
|  98|0x0000000619000000, 0x0000000619000000, 0x0000000619400000|  0%| F|  |TAMS 0x0000000619000000, 0x0000000619000000| Untracked 
|  99|0x0000000619400000, 0x0000000619400000, 0x0000000619800000|  0%| F|  |TAMS 0x0000000619400000, 0x0000000619400000| Untracked 
| 100|0x0000000619800000, 0x0000000619800000, 0x0000000619c00000|  0%| F|  |TAMS 0x0000000619800000, 0x0000000619800000| Untracked 
| 101|0x0000000619c00000, 0x0000000619c00000, 0x000000061a000000|  0%| F|  |TAMS 0x0000000619c00000, 0x0000000619c00000| Untracked 
| 102|0x000000061a000000, 0x000000061a000000, 0x000000061a400000|  0%| F|  |TAMS 0x000000061a000000, 0x000000061a000000| Untracked 
| 103|0x000000061a400000, 0x000000061a400000, 0x000000061a800000|  0%| F|  |TAMS 0x000000061a400000, 0x000000061a400000| Untracked 
| 104|0x000000061a800000, 0x000000061a800000, 0x000000061ac00000|  0%| F|  |TAMS 0x000000061a800000, 0x000000061a800000| Untracked 
| 105|0x000000061ac00000, 0x000000061ac00000, 0x000000061b000000|  0%| F|  |TAMS 0x000000061ac00000, 0x000000061ac00000| Untracked 
| 106|0x000000061b000000, 0x000000061b000000, 0x000000061b400000|  0%| F|  |TAMS 0x000000061b000000, 0x000000061b000000| Untracked 
| 107|0x000000061b400000, 0x000000061b400000, 0x000000061b800000|  0%| F|  |TAMS 0x000000061b400000, 0x000000061b400000| Untracked 
| 108|0x000000061b800000, 0x000000061b800000, 0x000000061bc00000|  0%| F|  |TAMS 0x000000061b800000, 0x000000061b800000| Untracked 
| 109|0x000000061bc00000, 0x000000061bc00000, 0x000000061c000000|  0%| F|  |TAMS 0x000000061bc00000, 0x000000061bc00000| Untracked 
| 110|0x000000061c000000, 0x000000061c000000, 0x000000061c400000|  0%| F|  |TAMS 0x000000061c000000, 0x000000061c000000| Untracked 
| 111|0x000000061c400000, 0x000000061c400000, 0x000000061c800000|  0%| F|  |TAMS 0x000000061c400000, 0x000000061c400000| Untracked 
| 112|0x000000061c800000, 0x000000061c800000, 0x000000061cc00000|  0%| F|  |TAMS 0x000000061c800000, 0x000000061c800000| Untracked 
| 113|0x000000061cc00000, 0x000000061cc00000, 0x000000061d000000|  0%| F|  |TAMS 0x000000061cc00000, 0x000000061cc00000| Untracked 
| 114|0x000000061d000000, 0x000000061d000000, 0x000000061d400000|  0%| F|  |TAMS 0x000000061d000000, 0x000000061d000000| Untracked 
| 115|0x000000061d400000, 0x000000061d400000, 0x000000061d800000|  0%| F|  |TAMS 0x000000061d400000, 0x000000061d400000| Untracked 
| 116|0x000000061d800000, 0x000000061d800000, 0x000000061dc00000|  0%| F|  |TAMS 0x000000061d800000, 0x000000061d800000| Untracked 
| 117|0x000000061dc00000, 0x000000061dc00000, 0x000000061e000000|  0%| F|  |TAMS 0x000000061dc00000, 0x000000061dc00000| Untracked 
| 118|0x000000061e000000, 0x000000061e000000, 0x000000061e400000|  0%| F|  |TAMS 0x000000061e000000, 0x000000061e000000| Untracked 
| 119|0x000000061e400000, 0x000000061e400000, 0x000000061e800000|  0%| F|  |TAMS 0x000000061e400000, 0x000000061e400000| Untracked 
| 120|0x000000061e800000, 0x000000061e800000, 0x000000061ec00000|  0%| F|  |TAMS 0x000000061e800000, 0x000000061e800000| Untracked 
| 121|0x000000061ec00000, 0x000000061ec00000, 0x000000061f000000|  0%| F|  |TAMS 0x000000061ec00000, 0x000000061ec00000| Untracked 
| 122|0x000000061f000000, 0x000000061f000000, 0x000000061f400000|  0%| F|  |TAMS 0x000000061f000000, 0x000000061f000000| Untracked 
| 123|0x000000061f400000, 0x000000061f400000, 0x000000061f800000|  0%| F|  |TAMS 0x000000061f400000, 0x000000061f400000| Untracked 
| 124|0x000000061f800000, 0x000000061f800000, 0x000000061fc00000|  0%| F|  |TAMS 0x000000061f800000, 0x000000061f800000| Untracked 
| 125|0x000000061fc00000, 0x000000061fdb1af0, 0x0000000620000000| 42%| E|  |TAMS 0x000000061fc00000, 0x000000061fc00000| Complete 
| 126|0x0000000620000000, 0x0000000620400000, 0x0000000620400000|100%| E|CS|TAMS 0x0000000620000000, 0x0000000620000000| Complete 
| 127|0x0000000620400000, 0x0000000620800000, 0x0000000620800000|100%| E|CS|TAMS 0x0000000620400000, 0x0000000620400000| Complete 

Card table byte_map: [0x00000145e4ba0000,0x00000145e5ba0000] _byte_map_base: 0x00000145e1b9c000

Marking Bits (Prev, Next): (CMBitMap*) 0x00000145cc2bc7f0, (CMBitMap*) 0x00000145cc2bc830
 Prev Bits: [0x00000145e6ba0000, 0x00000145eeb80000)
 Next Bits: [0x00000145eeb80000, 0x00000145f6b60000)

Polling page: 0x00000145ca170000

Metaspace:

Usage:
  Non-class:      3.68 MB used.
      Class:    206.44 KB used.
       Both:      3.88 MB used.

Virtual space:
  Non-class space:       64.00 MB reserved,       3.75 MB (  6%) committed,  1 nodes.
      Class space:        1.00 GB reserved,     256.00 KB ( <1%) committed,  1 nodes.
             Both:        1.06 GB reserved,       4.00 MB ( <1%) committed. 

Chunk freelists:
   Non-Class:  1.77 MB
       Class:  3.64 MB
        Both:  5.41 MB

MaxMetaspaceSize: unlimited
CompressedClassSpaceSize: 1.00 GB
Initial GC threshold: 21.00 MB
Current GC threshold: 21.00 MB
CDS: on
MetaspaceReclaimPolicy: balanced
 - commit_granule_bytes: 65536.
 - commit_granule_words: 8192.
 - virtual_space_node_default_size: 8388608.
 - enlarge_chunks_in_place: 1.
 - new_chunks_are_fully_committed: 0.
 - uncommit_free_chunks: 1.
 - use_allocation_guard: 0.


Internal statistics:

num_allocs_failed_limit: 0.
num_arena_births: 66.
num_arena_deaths: 0.
num_vsnodes_births: 2.
num_vsnodes_deaths: 0.
num_space_committed: 62.
num_space_uncommitted: 0.
num_chunks_returned_to_freelist: 0.
num_chunks_taken_from_freelist: 167.
num_chunk_merges: 0.
num_chunk_splits: 111.
num_chunks_enlarged: 78.
num_inconsistent_stats: 0.

CodeHeap 'non-profiled nmethods': size=119168Kb used=198Kb max_used=198Kb free=118969Kb
 bounds [0x00000145db960000, 0x00000145dbbd0000, 0x00000145e2dc0000]
CodeHeap 'profiled nmethods': size=119104Kb used=1123Kb max_used=1123Kb free=117980Kb
 bounds [0x00000145d4510000, 0x00000145d4780000, 0x00000145db960000]
CodeHeap 'non-nmethods': size=7488Kb used=2176Kb max_used=2187Kb free=5311Kb
 bounds [0x00000145d3dc0000, 0x00000145d4030000, 0x00000145d4510000]
 total_blobs=1763 nmethods=725 adapters=950
 compilation: enabled
              stopped_count=0, restarted_count=0
 full_count=0

Compilation events (20 events):
Event: 0.646 Thread 0x00000145fa1c8ca0  716       4       java.lang.StringBuilder::append (8 bytes)
Event: 0.646 Thread 0x00000145fa1d6fa0 nmethod 714 0x00000145d4623190 code [0x00000145d4623440, 0x00000145d4623fc8]
Event: 0.647 Thread 0x00000145fa2f7750 nmethod 715 0x00000145d4624410 code [0x00000145d4624660, 0x00000145d46251f8]
Event: 0.647 Thread 0x00000145fa2f7750  717       3       java.lang.invoke.Invokers::checkCustomized (23 bytes)
Event: 0.647 Thread 0x00000145fa1d6fa0  718       3       java.lang.invoke.Invokers::maybeCustomize (5 bytes)
Event: 0.647 Thread 0x00000145fa1d6fa0 nmethod 718 0x00000145d4625710 code [0x00000145d46258a0, 0x00000145d4625a48]
Event: 0.647 Thread 0x00000145fa1d6fa0  719       3       java.lang.invoke.MethodHandle::maybeCustomize (38 bytes)
Event: 0.647 Thread 0x00000145fa2f7750 nmethod 717 0x00000145d4625b10 code [0x00000145d4625cc0, 0x00000145d4625ea8]
Event: 0.647 Thread 0x00000145fa1d6fa0 nmethod 719 0x00000145d4625f90 code [0x00000145d4626160, 0x00000145d4626558]
Event: 0.650 Thread 0x00000145fa1c8ca0 nmethod 716 0x00000145db990890 code [0x00000145db990a20, 0x00000145db990fc8]
Event: 0.650 Thread 0x00000145fa1d6fa0  721       3       java.lang.String::equalsIgnoreCase (45 bytes)
Event: 0.650 Thread 0x00000145fa2f7750  722       1       java.nio.HeapByteBuffer::isDirect (2 bytes)
Event: 0.650 Thread 0x00000145fa2f7750 nmethod 722 0x00000145db991710 code [0x00000145db9918a0, 0x00000145db991978]
Event: 0.651 Thread 0x00000145fa2f7750  725       3       java.util.WeakHashMap::remove (131 bytes)
Event: 0.651 Thread 0x00000145fa1d6fa0 nmethod 721 0x00000145d4626690 code [0x00000145d4626880, 0x00000145d4626de8]
Event: 0.651 Thread 0x00000145fa1d6fa0  723   !   3       java.util.zip.ZipFile$ZipFileInputStream::close (59 bytes)
Event: 0.651 Thread 0x00000145fa1d6fa0 nmethod 723 0x00000145d4627010 code [0x00000145d46271c0, 0x00000145d4627548]
Event: 0.651 Thread 0x00000145fa1d6fa0  724       3       java.util.Collections$SetFromMap::remove (19 bytes)
Event: 0.651 Thread 0x00000145fa1d6fa0 nmethod 724 0x00000145d4627710 code [0x00000145d46278c0, 0x00000145d4627ae8]
Event: 0.651 Thread 0x00000145fa2f7750 nmethod 725 0x00000145d4627b90 code [0x00000145d4627de0, 0x00000145d4628978]

GC Heap History (0 events):
No events

Deoptimization events (12 events):
Event: 0.088 Thread 0x00000145cc209770 DEOPT PACKING pc=0x00000145d452e7e7 sp=0x00000037123fad40
Event: 0.088 Thread 0x00000145cc209770 DEOPT UNPACKING pc=0x00000145d3e12b43 sp=0x00000037123fa160 mode 0
Event: 0.111 Thread 0x00000145cc209770 DEOPT PACKING pc=0x00000145d4519451 sp=0x00000037123fa360
Event: 0.111 Thread 0x00000145cc209770 DEOPT UNPACKING pc=0x00000145d3e12b43 sp=0x00000037123f97d8 mode 0
Event: 0.129 Thread 0x00000145cc209770 Uncommon trap: trap_request=0xffffff45 fr.pc=0x00000145db966ce4 relative=0x0000000000000064
Event: 0.129 Thread 0x00000145cc209770 Uncommon trap: reason=unstable_if action=reinterpret pc=0x00000145db966ce4 method=java.io.WinNTFileSystem.isSlash(C)Z @ 9 c2
Event: 0.129 Thread 0x00000145cc209770 DEOPT PACKING pc=0x00000145db966ce4 sp=0x00000037123fbde0
Event: 0.129 Thread 0x00000145cc209770 DEOPT UNPACKING pc=0x00000145d3e123a3 sp=0x00000037123fbd68 mode 2
Event: 0.570 Thread 0x00000145cc209770 Uncommon trap: trap_request=0xffffff54 fr.pc=0x00000145db98bbe0 relative=0x0000000000000060
Event: 0.570 Thread 0x00000145cc209770 Uncommon trap: reason=speculate_null_assert action=make_not_entrant pc=0x00000145db98bbe0 method=sun.misc.Unsafe.putLong(Ljava/lang/Object;JJ)V @ 7 c2
Event: 0.570 Thread 0x00000145cc209770 DEOPT PACKING pc=0x00000145db98bbe0 sp=0x00000037123ff270
Event: 0.570 Thread 0x00000145cc209770 DEOPT UNPACKING pc=0x00000145d3e123a3 sp=0x00000037123ff1e8 mode 2

Classes loaded (20 events):
Event: 0.168 Loading class java/lang/invoke/DirectMethodHandle$StaticAccessor
Event: 0.168 Loading class java/lang/invoke/DirectMethodHandle$StaticAccessor done
Event: 0.171 Loading class java/util/function/LongPredicate
Event: 0.171 Loading class java/util/function/LongPredicate done
Event: 0.173 Loading class jdk/internal/access/foreign/MemorySegmentProxy
Event: 0.173 Loading class jdk/internal/access/foreign/MemorySegmentProxy done
Event: 0.177 Loading class java/nio/InvalidMarkException
Event: 0.177 Loading class java/nio/InvalidMarkException done
Event: 0.177 Loading class java/nio/BufferUnderflowException
Event: 0.177 Loading class java/nio/BufferUnderflowException done
Event: 0.184 Loading class java/util/Formatter$FixedString
Event: 0.184 Loading class java/util/Formatter$FixedString done
Event: 0.194 Loading class java/lang/NoSuchFieldError
Event: 0.194 Loading class java/lang/NoSuchFieldError done
Event: 0.199 Loading class jdk/internal/reflect/MethodHandleIntegerFieldAccessorImpl
Event: 0.199 Loading class jdk/internal/reflect/MethodHandleIntegerFieldAccessorImpl done
Event: 0.569 Loading class jdk/internal/misc/ScopedMemoryAccess$Scope
Event: 0.569 Loading class jdk/internal/misc/ScopedMemoryAccess$Scope done
Event: 0.651 Loading class java/io/Externalizable
Event: 0.651 Loading class java/io/Externalizable done

Classes unloaded (0 events):
No events

Classes redefined (0 events):
No events

Internal exceptions (20 events):
Event: 0.113 Thread 0x00000145cc209770 Exception <a 'java/lang/NoSuchMethodError'{0x00000006200178f0}: 'void java.lang.invoke.DelegatingMethodHandle$Holder.delegate(java.lang.Object, java.lang.Object, int, java.lang.Object)'> (0x00000006200178f0) 
thrown [s\src\hotspot\share\interpreter\linkResolver.cpp, line 759]
Event: 0.113 Thread 0x00000145cc209770 Exception <a 'java/lang/NoSuchMethodError'{0x000000062001bb38}: 'int java.lang.invoke.DirectMethodHandle$Holder.invokeSpecial(java.lang.Object, java.lang.Object, java.lang.Object)'> (0x000000062001bb38) 
thrown [s\src\hotspot\share\interpreter\linkResolver.cpp, line 759]
Event: 0.117 Thread 0x00000145cc209770 Exception <a 'java/lang/NoSuchMethodError'{0x0000000620037de0}: 'void java.lang.System.loadLibrary(java.lang.String, java.lang.Class)'> (0x0000000620037de0) 
thrown [s\src\hotspot\share\interpreter\linkResolver.cpp, line 759]
Event: 0.135 Thread 0x00000145cc209770 Exception <a 'sun/nio/fs/WindowsException'{0x0000000620074b40}> (0x0000000620074b40) 
thrown [s\src\hotspot\share\prims\jni.cpp, line 516]
Event: 0.135 Thread 0x00000145cc209770 Exception <a 'sun/nio/fs/WindowsException'{0x0000000620075098}> (0x0000000620075098) 
thrown [s\src\hotspot\share\prims\jni.cpp, line 516]
Event: 0.172 Thread 0x00000145cc209770 Exception <a 'java/lang/NoSuchMethodError'{0x000000062011d420}: 'int java.lang.invoke.DirectMethodHandle$Holder.invokeStaticInit(java.lang.Object, java.lang.Object, int, long)'> (0x000000062011d420) 
thrown [s\src\hotspot\share\interpreter\linkResolver.cpp, line 759]
Event: 0.172 Thread 0x00000145cc209770 Exception <a 'java/lang/NoSuchMethodError'{0x0000000620122ce8}: 'java.lang.Object java.lang.invoke.DirectMethodHandle$Holder.newInvokeSpecial(java.lang.Object, java.lang.Object, int)'> (0x0000000620122ce8) 
thrown [s\src\hotspot\share\interpreter\linkResolver.cpp, line 759]
Event: 0.174 Thread 0x00000145cc209770 Exception <a 'java/lang/NoSuchMethodError'{0x0000000620132d68}: 'int java.lang.invoke.DirectMethodHandle$Holder.invokeStaticInit(java.lang.Object, java.lang.Object, long, long)'> (0x0000000620132d68) 
thrown [s\src\hotspot\share\interpreter\linkResolver.cpp, line 759]
Event: 0.175 Thread 0x00000145cc209770 Exception <a 'java/lang/NoSuchMethodError'{0x0000000620138e78}: 'java.lang.Object java.lang.invoke.DirectMethodHandle$Holder.newInvokeSpecial(java.lang.Object, java.lang.Object, long)'> (0x0000000620138e78) 
thrown [s\src\hotspot\share\interpreter\linkResolver.cpp, line 759]
Event: 0.175 Thread 0x00000145cc209770 Exception <a 'java/lang/NoSuchMethodError'{0x000000062013ced0}: 'java.lang.Object java.lang.invoke.Invokers$Holder.linkToTargetMethod(java.lang.Object, long, java.lang.Object)'> (0x000000062013ced0) 
thrown [s\src\hotspot\share\interpreter\linkResolver.cpp, line 759]
Event: 0.176 Thread 0x00000145cc209770 Exception <a 'java/lang/NoSuchMethodError'{0x0000000620144478}: 'int java.lang.invoke.DirectMethodHandle$Holder.invokeStaticInit(java.lang.Object, java.lang.Object, java.lang.Object, long)'> (0x0000000620144478) 
thrown [s\src\hotspot\share\interpreter\linkResolver.cpp, line 759]
Event: 0.193 Thread 0x00000145cc209770 Exception <a 'sun/nio/fs/WindowsException'{0x00000006201fdb00}> (0x00000006201fdb00) 
thrown [s\src\hotspot\share\prims\jni.cpp, line 516]
Event: 0.193 Thread 0x00000145cc209770 Exception <a 'sun/nio/fs/WindowsException'{0x00000006201fde70}> (0x00000006201fde70) 
thrown [s\src\hotspot\share\prims\jni.cpp, line 516]
Event: 0.199 Thread 0x00000145cc209770 Exception <a 'java/lang/NoSuchMethodError'{0x000000062021c098}: 'int java.lang.invoke.Invokers$Holder.invokeExact_MT(java.lang.Object, java.lang.Object)'> (0x000000062021c098) 
thrown [s\src\hotspot\share\interpreter\linkResolver.cpp, line 759]
Event: 0.558 Thread 0x00000145cc209770 Exception <a 'java/lang/NoSuchMethodError'{0x00000006202871d0}: 'void java.lang.System.load(java.lang.String, java.lang.Class)'> (0x00000006202871d0) 
thrown [s\src\hotspot\share\interpreter\linkResolver.cpp, line 759]
Event: 0.559 Thread 0x00000145cc209770 Exception <a 'java/lang/NoSuchMethodError'{0x000000062028a060}: 'void java.lang.System.loadLibrary(java.lang.String, java.lang.Class)'> (0x000000062028a060) 
thrown [s\src\hotspot\share\interpreter\linkResolver.cpp, line 759]
Event: 0.562 Thread 0x00000145cc209770 Exception <a 'sun/nio/fs/WindowsException'{0x000000062029a3a0}> (0x000000062029a3a0) 
thrown [s\src\hotspot\share\prims\jni.cpp, line 516]
Event: 0.563 Thread 0x00000145cc209770 Exception <a 'sun/nio/fs/WindowsException'{0x000000062029a750}> (0x000000062029a750) 
thrown [s\src\hotspot\share\prims\jni.cpp, line 516]
Event: 0.568 Thread 0x00000145cc209770 Exception <a 'sun/nio/fs/WindowsException'{0x00000006202a4838}> (0x00000006202a4838) 
thrown [s\src\hotspot\share\prims\jni.cpp, line 516]
Event: 0.568 Thread 0x00000145cc209770 Exception <a 'sun/nio/fs/WindowsException'{0x00000006202a4b20}> (0x00000006202a4b20) 
thrown [s\src\hotspot\share\prims\jni.cpp, line 516]

VM Operations (4 events):
Event: 0.072 Executing VM operation: HandshakeAllThreads
Event: 0.072 Executing VM operation: HandshakeAllThreads done
Event: 0.129 Executing VM operation: HandshakeAllThreads
Event: 0.129 Executing VM operation: HandshakeAllThreads done

Events (20 events):
Event: 0.017 Thread 0x00000145fa1aa7f0 Thread added: 0x00000145fa1aa7f0
Event: 0.027 Thread 0x00000145fa1c62f0 Thread added: 0x00000145fa1c62f0
Event: 0.027 Thread 0x00000145fa1c6c90 Thread added: 0x00000145fa1c6c90
Event: 0.027 Thread 0x00000145fa1c7630 Thread added: 0x00000145fa1c7630
Event: 0.027 Thread 0x00000145fa1c7fd0 Thread added: 0x00000145fa1c7fd0
Event: 0.027 Thread 0x00000145fa1c8ca0 Thread added: 0x00000145fa1c8ca0
Event: 0.027 Thread 0x00000145fa1d6fa0 Thread added: 0x00000145fa1d6fa0
Event: 0.027 Thread 0x00000145fa1da1b0 Thread added: 0x00000145fa1da1b0
Event: 0.054 Thread 0x00000145fa2f7750 Thread added: 0x00000145fa2f7750
Event: 0.057 Thread 0x00000145fa3066c0 Thread added: 0x00000145fa3066c0
Event: 0.060 Thread 0x00000145fa309a30 Thread added: 0x00000145fa309a30
Event: 0.065 Loaded shared library H:\Program Files\Java\Amazon\jdk18.0.2_9\bin\net.dll
Event: 0.067 Loaded shared library H:\Program Files\Java\Amazon\jdk18.0.2_9\bin\nio.dll
Event: 0.071 Loaded shared library H:\Program Files\Java\Amazon\jdk18.0.2_9\bin\zip.dll
Event: 0.119 Loaded shared library H:\Program Files\Java\Amazon\jdk18.0.2_9\bin\jimage.dll
Event: 0.137 Loaded shared library C:\Users\jasper\AppData\Local\Temp\lwjgl_jasper\3.3.3+5\x64\lwjgl.dll
Event: 0.166 Thread 0x00000145fa508de0 Thread added: 0x00000145fa508de0
Event: 0.556 Thread 0x00000145fa508de0 Thread exited: 0x00000145fa508de0
Event: 0.564 Loaded shared library C:\Users\jasper\AppData\Local\Temp\lwjgl_jasper\3.3.3+5\x64\lwjgl_opengl.dll
Event: 0.652 Loaded shared library H:\Program Files\Java\Amazon\jdk18.0.2_9\bin\verify.dll


Dynamic libraries:
0x00007ff68c3a0000 - 0x00007ff68c3ad000 	H:\Program Files\Java\Amazon\jdk18.0.2_9\bin\java.exe
0x00007ffecc6f0000 - 0x00007ffecc906000 	C:\Windows\SYSTEM32\ntdll.dll
0x00007ffecad40000 - 0x00007ffecae04000 	C:\Windows\System32\KERNEL32.DLL
0x00007ffeca000000 - 0x00007ffeca3a7000 	C:\Windows\System32\KERNELBASE.dll
0x00007ffec9e20000 - 0x00007ffec9f31000 	C:\Windows\System32\ucrtbase.dll
0x00007ffe98e10000 - 0x00007ffe98e25000 	H:\Program Files\Java\Amazon\jdk18.0.2_9\bin\VCRUNTIME140.dll
0x00007ffe993e0000 - 0x00007ffe993f7000 	H:\Program Files\Java\Amazon\jdk18.0.2_9\bin\jli.dll
0x00007ffecaf10000 - 0x00007ffecb0be000 	C:\Windows\System32\USER32.dll
0x00007ffec9d70000 - 0x00007ffec9d96000 	C:\Windows\System32\win32u.dll
0x00007ffecac90000 - 0x00007ffecacb9000 	C:\Windows\System32\GDI32.dll
0x00007ffec9a10000 - 0x00007ffec9b29000 	C:\Windows\System32\gdi32full.dll
0x00007ffec9b60000 - 0x00007ffec9bfa000 	C:\Windows\System32\msvcp_win.dll
0x00007ffebe870000 - 0x00007ffebeb03000 	C:\Windows\WinSxS\amd64_microsoft.windows.common-controls_6595b64144ccf1df_6.0.22621.3235_none_270f74e173860f98\COMCTL32.dll
0x00007ffecc100000 - 0x00007ffecc1a7000 	C:\Windows\System32\msvcrt.dll
0x00007ffecbee0000 - 0x00007ffecbf11000 	C:\Windows\System32\IMM32.DLL
0x00007ffe03ef0000 - 0x00007ffe03f8b000 	H:\Program Files\Java\Amazon\jdk18.0.2_9\bin\msvcp140.dll
0x00007ffdc4d30000 - 0x00007ffdc59a1000 	H:\Program Files\Java\Amazon\jdk18.0.2_9\bin\server\jvm.dll
0x00007ffecbe20000 - 0x00007ffecbed2000 	C:\Windows\System32\ADVAPI32.dll
0x00007ffecae60000 - 0x00007ffecaf08000 	C:\Windows\System32\sechost.dll
0x00007ffec9b30000 - 0x00007ffec9b58000 	C:\Windows\System32\bcrypt.dll
0x00007ffecba90000 - 0x00007ffecbba5000 	C:\Windows\System32\RPCRT4.dll
0x00007ffecb0c0000 - 0x00007ffecb0c8000 	C:\Windows\System32\PSAPI.DLL
0x00007ffeb8f40000 - 0x00007ffeb8f74000 	C:\Windows\SYSTEM32\WINMM.dll
0x00007ffec02b0000 - 0x00007ffec02ba000 	C:\Windows\SYSTEM32\VERSION.dll
0x00007ffeb6430000 - 0x00007ffeb6439000 	C:\Windows\SYSTEM32\WSOCK32.dll
0x00007ffecc630000 - 0x00007ffecc6a1000 	C:\Windows\System32\WS2_32.dll
0x00007ffec8b00000 - 0x00007ffec8b18000 	C:\Windows\SYSTEM32\kernel.appcore.dll
0x00007ffe99a50000 - 0x00007ffe99a5a000 	H:\Program Files\Java\Amazon\jdk18.0.2_9\bin\jimage.dll
0x00007ffec71b0000 - 0x00007ffec73e3000 	C:\Windows\SYSTEM32\DBGHELP.DLL
0x00007ffeca680000 - 0x00007ffecaa08000 	C:\Windows\System32\combase.dll
0x00007ffecbf20000 - 0x00007ffecbff7000 	C:\Windows\System32\OLEAUT32.dll
0x00007ffebf180000 - 0x00007ffebf1b2000 	C:\Windows\SYSTEM32\dbgcore.DLL
0x00007ffec9da0000 - 0x00007ffec9e19000 	C:\Windows\System32\bcryptPrimitives.dll
0x00007ffe87690000 - 0x00007ffe876b5000 	H:\Program Files\Java\Amazon\jdk18.0.2_9\bin\java.dll
0x00007ffe03e10000 - 0x00007ffe03ee6000 	H:\Program Files\Java\Amazon\jdk18.0.2_9\bin\jsvml.dll
0x00007ffecb0d0000 - 0x00007ffecb92c000 	C:\Windows\System32\SHELL32.dll
0x00007ffec7920000 - 0x00007ffec8219000 	C:\Windows\SYSTEM32\windows.storage.dll
0x00007ffec77e0000 - 0x00007ffec791e000 	C:\Windows\SYSTEM32\wintypes.dll
0x00007ffeca570000 - 0x00007ffeca663000 	C:\Windows\System32\SHCORE.dll
0x00007ffecacc0000 - 0x00007ffecad1e000 	C:\Windows\System32\shlwapi.dll
0x00007ffec9940000 - 0x00007ffec9961000 	C:\Windows\SYSTEM32\profapi.dll
0x00007ffe98a20000 - 0x00007ffe98a33000 	H:\Program Files\Java\Amazon\jdk18.0.2_9\bin\net.dll
0x00007ffec3d20000 - 0x00007ffec3e56000 	C:\Windows\SYSTEM32\WINHTTP.dll
0x00007ffec8f60000 - 0x00007ffec8fc9000 	C:\Windows\system32\mswsock.dll
0x00007ffe97750000 - 0x00007ffe97765000 	H:\Program Files\Java\Amazon\jdk18.0.2_9\bin\nio.dll
0x00007ffe98d20000 - 0x00007ffe98d38000 	H:\Program Files\Java\Amazon\jdk18.0.2_9\bin\zip.dll
0x00007ffe04470000 - 0x00007ffe044eb000 	C:\Users\jasper\AppData\Local\Temp\lwjgl_jasper\3.3.3+5\x64\lwjgl.dll
0x00007ffe03470000 - 0x00007ffe034f2000 	C:\Users\jasper\AppData\Local\Temp\lwjgl_jasper\3.3.3+5\x64\glfw.dll
0x00007ffe5b190000 - 0x00007ffe5b1d6000 	C:\Windows\SYSTEM32\dinput8.dll
0x00007ffe905e0000 - 0x00007ffe905f1000 	C:\Windows\SYSTEM32\xinput1_4.dll
0x00007ffec96d0000 - 0x00007ffec96fc000 	C:\Windows\SYSTEM32\DEVOBJ.dll
0x00007ffec9720000 - 0x00007ffec976e000 	C:\Windows\SYSTEM32\cfgmgr32.dll
0x00007ffec6cc0000 - 0x00007ffec6ceb000 	C:\Windows\SYSTEM32\dwmapi.dll
0x00007ffeafa70000 - 0x00007ffeafc7a000 	C:\Windows\SYSTEM32\inputhost.dll
0x00007ffec64a0000 - 0x00007ffec65d4000 	C:\Windows\SYSTEM32\CoreMessaging.dll
0x00007ffec6a40000 - 0x00007ffec6aeb000 	C:\Windows\system32\uxtheme.dll
0x00007ffec9290000 - 0x00007ffec929c000 	C:\Windows\SYSTEM32\CRYPTBASE.DLL
0x00007ffecb930000 - 0x00007ffecba83000 	C:\Windows\System32\MSCTF.dll
0x00007ffe9e0f0000 - 0x00007ffe9e1f0000 	C:\Windows\SYSTEM32\opengl32.dll
0x00007ffe9e0c0000 - 0x00007ffe9e0ed000 	C:\Windows\SYSTEM32\GLU32.dll
0x00007ffec6b70000 - 0x00007ffec6ba9000 	C:\Windows\SYSTEM32\dxcore.dll
0x00007ffecbbb0000 - 0x00007ffecbc60000 	C:\Windows\System32\clbcatq.dll
0x00007ffdbf5b0000 - 0x00007ffdc2251000 	C:\Windows\System32\DriverStore\FileRepository\nv_dispi.inf_amd64_830091b3ebd4b98a\nvoglv64.dll
0x00007ffecc1b0000 - 0x00007ffecc624000 	C:\Windows\System32\SETUPAPI.dll
0x00007ffecaa70000 - 0x00007ffecac15000 	C:\Windows\System32\ole32.dll
0x00007ffec88c0000 - 0x00007ffec88d4000 	C:\Windows\SYSTEM32\WTSAPI32.dll
0x00007ffec96b0000 - 0x00007ffec96c2000 	C:\Windows\SYSTEM32\msasn1.dll
0x00007ffec00a0000 - 0x00007ffec00d2000 	C:\Windows\SYSTEM32\cryptnet.dll
0x00007ffec9c00000 - 0x00007ffec9d67000 	C:\Windows\System32\CRYPT32.dll
0x00007ffebff40000 - 0x00007ffec0098000 	C:\Windows\SYSTEM32\drvstore.dll
0x00007ffec91e0000 - 0x00007ffec9228000 	C:\Windows\SYSTEM32\wldp.dll
0x00007ffeca3b0000 - 0x00007ffeca41b000 	C:\Windows\System32\WINTRUST.dll
0x00007ffec8b20000 - 0x00007ffec8b54000 	C:\Windows\SYSTEM32\ntmarta.dll
0x00007ffeca420000 - 0x00007ffeca43f000 	C:\Windows\System32\imagehlp.dll
0x00007ffec92b0000 - 0x00007ffec92cb000 	C:\Windows\SYSTEM32\CRYPTSP.dll
0x00007ffec8a60000 - 0x00007ffec8a95000 	C:\Windows\system32\rsaenh.dll
0x00007ffebae80000 - 0x00007ffebd09d000 	C:\Windows\System32\DriverStore\FileRepository\nv_dispi.inf_amd64_830091b3ebd4b98a\nvgpucomp64.dll
0x00007ffe6aa90000 - 0x00007ffe6ad61000 	C:\Windows\system32\nvspcap64.dll
0x00007ffec8870000 - 0x00007ffec88bd000 	C:\Windows\SYSTEM32\powrprof.dll
0x00007ffec8850000 - 0x00007ffec8863000 	C:\Windows\SYSTEM32\UMPDC.dll
0x00007ffec87c0000 - 0x00007ffec8826000 	C:\Windows\SYSTEM32\WINSTA.dll
0x00007ffeb1df0000 - 0x00007ffeb1f3a000 	C:\Windows\SYSTEM32\textinputframework.dll
0x00007ffec32d0000 - 0x00007ffec363c000 	C:\Windows\SYSTEM32\CoreUIComponents.dll
0x00007ffe04410000 - 0x00007ffe0446e000 	C:\Users\jasper\AppData\Local\Temp\lwjgl_jasper\3.3.3+5\x64\lwjgl_opengl.dll
0x00007ffe99510000 - 0x00007ffe99520000 	H:\Program Files\Java\Amazon\jdk18.0.2_9\bin\verify.dll

dbghelp: loaded successfully - version: 4.0.5 - missing functions: none
symbol engine: initialized successfully - sym options: 0x614 - pdb path: .;H:\Program Files\Java\Amazon\jdk18.0.2_9\bin;C:\Windows\SYSTEM32;C:\Windows\WinSxS\amd64_microsoft.windows.common-controls_6595b64144ccf1df_6.0.22621.3235_none_270f74e173860f98;H:\Program Files\Java\Amazon\jdk18.0.2_9\bin\server;C:\Users\jasper\AppData\Local\Temp\lwjgl_jasper\3.3.3+5\x64;C:\Windows\System32\DriverStore\FileRepository\nv_dispi.inf_amd64_830091b3ebd4b98a

VM Arguments:
jvm_args: -Dfile.encoding=windows-1252 -Duser.country=NL -Duser.language=nl -Duser.variant 
java_command: nl.jasper.flappy.FlappyBird
java_class_path (initial): H:\Dev\Java\FlappyBird\build\classes\java\flappyBird;H:\Dev\Java\FlappyBird\build\resources\flappyBird;C:\Users\jasper\.gradle\caches\modules-2\files-2.1\org.lwjgl\lwjgl-assimp\3.3.3\c2c34011cbda30ed8cf98bc5cbf97b49afe5279a\lwjgl-assimp-3.3.3.jar;C:\Users\jasper\.gradle\caches\modules-2\files-2.1\org.lwjgl\lwjgl-assimp\3.3.3\d90ccdade594716062975cffd1431d387f770ac4\lwjgl-assimp-3.3.3-natives-windows.jar;C:\Users\jasper\.gradle\caches\modules-2\files-2.1\org.lwjgl\lwjgl-bgfx\3.3.3\a19c4bfd1532863425098f05316726854aed8c51\lwjgl-bgfx-3.3.3.jar;C:\Users\jasper\.gradle\caches\modules-2\files-2.1\org.lwjgl\lwjgl-bgfx\3.3.3\2db0ad304f20677e9269311cb6cb5f4f2eed889\lwjgl-bgfx-3.3.3-natives-windows.jar;C:\Users\jasper\.gradle\caches\modules-2\files-2.1\org.lwjgl\lwjgl-glfw\3.3.3\efa1eb78c5ccd840e9f329717109b5e892d72f8e\lwjgl-glfw-3.3.3.jar;C:\Users\jasper\.gradle\caches\modules-2\files-2.1\org.lwjgl\lwjgl-glfw\3.3.3\e449e28b4891fc423c54c85fbc5bb0b9efece67a\lwjgl-glfw-3.3.3-natives-windows.jar;C:\Users\jasper\.gradle\caches\modules-2\files-2.1\org.lwjgl\lwjgl-nanovg\3.3.3\37f0b9fc142948c3b2c6cd563db7233b14b9640c\lwjgl-nanovg-3.3.3.jar;C:\Users\jasper\.gradle\caches\modules-2\files-2.1\org.lwjgl\lwjgl-nanovg\3.3.3\ccfbc346c4ce0737b7fe758d6337a3741af2f256\lwjgl-nanovg-3.3.3-natives-windows.jar;C:\Users\jasper\.gradle\caches\modules-2\files-2.1\org.lwjgl\lwjgl-nuklear\3.3.3\d120a8ab01987e285f83f43f862bef728011d97d\lwjgl-nuklear-3.3.3.jar;C:\Users\jasper\.gradle\caches\modules-2\files-2.1\org.lwjgl\lwjgl-nuklear\3.3.3\3132690c8cbbdd7c948eb233610151b6a6c62b9a\lwjgl-nuklear-3.3.3-natives-windows.jar;C:\Users\jasper\.gradle\caches\modules-2\files-2.1\org.lwjgl\lwjgl-openal\3.3.3\daada81ceb5fc0c291fbfdd4433cb8d9423577f2\lwjgl-openal-3.3.3.jar;C:\Users\jasper\.gradle\caches\modules-2\files-2.1\org.lwjgl\lwjgl-openal\3.3.3\cf83862ae95d98496b26915024c7e666d8ab1c8f\lwjgl-openal-3.3.3-natives-windows.jar;C:\Users\jasper\.gradle\caches\modules-2\files-2.1\org.lwjgl\lwjgl-opengl\3.3.3\2f6b0147078396a58979125a4c947664e98293a\lwjgl-opengl-3.3.3.jar;C:\Users\jasper\.gradle\caches\modules-2\files-2.1\org.lwjgl\lwjgl-opengl\3.3.3\e6c1eec8be8a71951b830a4d69efc01c6531900c\lwjgl-opengl-3.3.3-natives-windows.jar;C:\Users\jasper\.gradle\caches\modules-2\files-2.1\org.lwjgl\lwjgl-par\3.3.3\9bf8ec696f9f8852418338e3000e31f3d9a730a4\lwjgl-par-3.3.3.jar;C:\Users\jasper\.gradle\caches\modules-2\files-2.1\org.lwjgl\lwjgl-par\3.3.3\a34de629b882f53f9a3905f0d04e4618fb9ec4a\lwjgl-par-3.3.3-natives-windows.jar;C:\Users\jasper\.gradle\caches\modules-2\files-2.1\org.lwjgl\lwjgl-stb\3.3.3\25dd6161988d7e65f71d5065c99902402ee32746\lwjgl-stb-3.3.3.jar;C:\Users\jasper\.gradle\caches\modules-2\files-2.1\org.lwjgl\lwjgl-stb\3.3.3\1d9facdf6541de114b0f963be33505b7679c78cb\lwjgl-stb-3.3.3-natives-windows.jar;C:\Users\jasper\.gradle\caches\modules-2\files-2.1\org.lwjgl\lwjgl-vulkan\3.3.3\2d85b61672fa82ec5045979ac49c7940913eea50\lwjgl-vulkan-3.3.3.jar;C:\Users\jasper\.gradle\caches\modules-2\files-2.1\org.lwjgl\lwjgl\3.3.3\29589b5f87ed335a6c7e7ee6a5775f81f97ecb84\lwjgl-3.3.3.jar;C:\Users\jasper\.gradle\caches\modules-2\files-2.1\org.lwjgl\lwjgl\3.3.3\a5ed18a2b82fc91b81f40d717cb1f64c9dcb0540\lwjgl-3.3.3-natives-windows.jar;C:\Users\jasper\.gradle\caches\modules-2\files-2.1\org.joml\joml-primitives\1.10.0\b3ae3ae0dfee0bf5aef9f7964205cca0f3c6ea07\joml-primitives-1.10.0.jar;C:\Users\jasper\.gradle\caches\modules-2\files-2.1\org.joml\joml\1.10.5\22566d58af70ad3d72308bab63b8339906deb649\joml-1.10.5.jar
Launcher Type: SUN_STANDARD

[Global flags]
     intx CICompilerCount                          = 12                                        {product} {ergonomic}
     uint ConcGCThreads                            = 5                                         {product} {ergonomic}
     uint G1ConcRefinementThreads                  = 18                                        {product} {ergonomic}
   size_t G1HeapRegionSize                         = 4194304                                   {product} {ergonomic}
    uintx GCDrainStackTargetSize                   = 64                                        {product} {ergonomic}
   size_t InitialHeapSize                          = 536870912                                 {product} {ergonomic}
   size_t MarkStackSize                            = 4194304                                   {product} {ergonomic}
   size_t MaxHeapSize                              = 8581545984                                {product} {ergonomic}
   size_t MaxNewSize                               = 5146411008                                {product} {ergonomic}
   size_t MinHeapDeltaBytes                        = 4194304                                   {product} {ergonomic}
   size_t MinHeapSize                              = 8388608                                   {product} {ergonomic}
    uintx NonNMethodCodeHeapSize                   = 7602480                                {pd product} {ergonomic}
    uintx NonProfiledCodeHeapSize                  = 122027880                              {pd product} {ergonomic}
    uintx ProfiledCodeHeapSize                     = 122027880                              {pd product} {ergonomic}
    uintx ReservedCodeCacheSize                    = 251658240                              {pd product} {ergonomic}
     bool SegmentedCodeCache                       = true                                      {product} {ergonomic}
   size_t SoftMaxHeapSize                          = 8581545984                             {manageable} {ergonomic}
     bool UseCompressedClassPointers               = true                           {product lp64_product} {ergonomic}
     bool UseCompressedOops                        = true                           {product lp64_product} {ergonomic}
     bool UseG1GC                                  = true                                      {product} {ergonomic}
     bool UseLargePagesIndividualAllocation        = false                                  {pd product} {ergonomic}

Logging:
Log output configuration:
 #0: stdout all=warning uptime,level,tags foldmultilines=false
 #1: stderr all=off uptime,level,tags foldmultilines=false

Environment Variables:
JAVA_HOME=H:\Program Files\Java\Amazon\jdk17.0.5_8
PATH=C:\Users\jasper\go\bin;C:\Ruby32-x64\bin;C:\Program Files (x86)\Intel\oneAPI\tbb\latest\redist\intel64\vc_mt\;C:\Program Files (x86)\Intel\oneAPI\tbb\latest\redist\ia32\vc_mt\;C:\Program Files (x86)\Intel\oneAPI\compiler\latest\windows\redist\intel64_win\compiler;C:\Program Files (x86)\Intel\oneAPI\compiler\latest\windows\redist\ia32_win\compiler;C:\VulkanSDK\1.3.243.0\Bin;C:\Program Files (x86)\Razer\ChromaBroadcast\bin;C:\Program Files\Razer\ChromaBroadcast\bin;C:\Program Files (x86)\Razer Chroma SDK\bin;C:\Program Files\Razer Chroma SDK\bin;E:\Oculus\Support\oculus-runtime;C:\Program Files (x86)\VMware\VMware Workstation\bin\;C:\Windows\system32;C:\Windows;C:\Windows\System32\Wbem;C:\Windows\System32\WindowsPowerShell\v1.0\;C:\Windows\System32\OpenSSH\;C:\Program Files\NVIDIA Corporation\NVIDIA NvDLISR;C:\Users\jasper\AppData\Roaming\nvm;C:\Program Files\nodejs;H:\Dev\vcpkg;C:\Program Files (x86)\Windows Kits\10\Windows Performance Toolkit\;C:\tools-path;C:\Users\jasper\AppData\Local\Programs\Python\Python39\Scripts\;C:\Users\jasper\AppData\Local\Programs\Python\Python39\;C:\Users\jasper\.cargo\bin;C:\Users\jasper\AppData\Local\Programs\Python\Python312\Scripts\;C:\Users\jasper\AppData\Local\Programs\Python\Python312\;C:\Users\jasper\AppData\Local\Programs\Python\Launcher\;C:\Users\jasper\AppData\Local\Microsoft\WindowsApps;C:\Users\jasper\AppData\Local\Programs\Microsoft VS Code\bin;C:\Users\jasper\AppData\Local\JetBrains\Toolbox\scripts;C:\Users\jasper\AppData\Local\gitkraken\bin;C:\Users\jasper\AppData\Local\Microsoft\WinGet\Links;C:\Program Files\GitHub CLI;C:\Program Files\dotnet;C:\Program Files\Git\cmd;C:\Program Files\Go\bin;H:\Program Files\Microsoft Visual Studio\2022\Community\VC\Tools\MSVC\14.35.32215\bin\Hostx64\x64;C:\Program Files\Docker\Docker\resources\bin;C:\Python27\;C:\Users\jasper\AppData\Roaming\nvm;C:\Program Files\nodejs;H:\Program Files\Java\Amazon\jdk17.0.5_8\bin;C:\ProgramData\chocolatey\bin;C:\ProgramData\chocolatey\lib\Elixir\tools\bin;G:\temp\zig;C:\Strawberry\c\binx;C:\Strawberry\perl\site\bin;C:\Strawberry\perl\bin;C:\Program Files\WireGuard\;C:\Program Files\NVIDIA Corporation\Nsight Compute 2020.1.1\;C:\Program Files\NVIDIA GPU Computing Toolkit\CUDA\v12.1\bin\\..\extras\CUPTI\lib64;C:\Ruby32-x64\bin;C:\Program Files (x86)\Intel\oneAPI\tbb\latest\redist\intel64\vc_mt\;C:\Program Files (x86)\Intel\oneAPI\tbb\latest\redist\ia32\vc_mt\;C:\Program Files (x86)\Intel\oneAPI\compiler\latest\windows\redist\intel64_win\compiler;C:\Program Files (x86)\Intel\oneAPI\compiler\latest\windows\redist\ia32_win\compiler;C:\VulkanSDK\1.3.243.0\Bin;C:\Program Files (x86)\Razer\ChromaBroadcast\bin;C:\Program Files\Razer\ChromaBroadcast\bin;C:\Program Files (x86)\Razer Chroma SDK\bin;C:\Program Files\Razer Chroma SDK\bin;E:\Oculus\Support\oculus-runtime;C:\Program Files (x86)\VMware\VMware Workstation\bin\;C:\Windows\system32;C:\Windows;C:\Windows\System32\Wbem;C:\Windows\System32\WindowsPowerShell\v1.0\;C:\Windows\System32\OpenSSH\;C:\Program Files\NVIDIA Corporation\NVIDIA NvDLISR;C:\Users\jasper\AppData\Roaming\nvm;C:\Program Files\nodejs;H:\Dev\vcpkg;C:\Program Files (x86)\Windows Kits\10\Windows Performance Toolkit\;C:\Program Files\NVIDIA GPU Computing Toolkit\CUDA\v11.0\bin;C:\Users\jasper\AppData\Local\Programs\Microsoft VS Code\bin;C:\Users\jasper\.bun\bin
USERNAME=jasper
OS=Windows_NT
PROCESSOR_IDENTIFIER=AMD64 Family 23 Model 113 Stepping 0, AuthenticAMD



---------------  S Y S T E M  ---------------

OS:
 Windows 11 , 64 bit Build 22621 (10.0.22621.3374)
OS uptime: 0 days 12:10 hours
Hyper-V role detected

CPU: total 24 (initial active 24) (24 cores per cpu, 2 threads per core) family 23 model 113 stepping 0 microcode 0x0, cx8, cmov, fxsr, ht, mmx, 3dnowpref, sse, sse2, sse3, ssse3, sse4a, sse4.1, sse4.2, popcnt, lzcnt, tsc, tscinvbit, avx, avx2, aes, clmul, bmi1, bmi2, adx, sha, fma, vzeroupper, clflush, clflushopt, hv

Memory: 4k page, system-wide physical 32720M (11825M free)
TotalPageFile size 65488M (AvailPageFile size 34346M)
current process WorkingSet (physical memory assigned to process): 93M, peak: 93M
current process commit charge ("private bytes"): 721M, peak: 721M

vm_info: OpenJDK 64-Bit Server VM (18.0.2+9-FR) for windows-amd64 JRE (18.0.2+9-FR), built on Jul 15 2022 20:03:03 by "Administrator" with MS VC++ 15.9 (VS2017)

END.
