#
# A fatal error has been detected by the Java Runtime Environment:
#
#  EXCEPTION_ACCESS_VIOLATION (0xc0000005) at pc=0x00007ffe8948fbdd, pid=1868, tid=23752
#
# JRE version: OpenJDK Runtime Environment Corretto-18.0.2.9.1 (18.0.2+9) (build 18.0.2+9-FR)
# Java VM: OpenJDK 64-Bit Server VM Corretto-18.0.2.9.1 (18.0.2+9-FR, mixed mode, sharing, tiered, compressed oops, compressed class ptrs, g1 gc, windows-amd64)
# Problematic frame:
# C  [lwjgl_opengl.dll+0xfbdd]
#
# No core dump will be written. Minidumps are not enabled by default on client versions of Windows
#
# If you would like to submit a bug report, please visit:
#   https://github.com/corretto/corretto-18/issues/
# The crash happened outside the Java Virtual Machine in native code.
# See problematic frame for where to report the bug.
#

---------------  S U M M A R Y ------------

Command Line: -Dfile.encoding=windows-1252 -Duser.country=NL -Duser.language=nl -Duser.variant nl.jasper.flappy.FlappyBird

Host: AMD Ryzen 9 3900X 12-Core Processor            , 24 cores, 31G,  Windows 11 , 64 bit Build 22621 (10.0.22621.3374)
Time: Sat Apr 20 13:07:42 2024 West-Europa (zomertijd) elapsed time: 0.475321 seconds (0d 0h 0m 0s)

---------------  T H R E A D  ---------------

Current thread (0x000001c28a0da940):  JavaThread "flappyBird" [_thread_in_native, id=23752, stack(0x000000be2f000000,0x000000be2f100000)]

Stack: [0x000000be2f000000,0x000000be2f100000],  sp=0x000000be2f0ff428,  free space=1021k
Native frames: (J=compiled Java code, j=interpreted, Vv=VM code, C=native code)
C  [lwjgl_opengl.dll+0xfbdd]

Java frames: (J=compiled Java code, j=interpreted, Vv=VM code)
j  org.lwjgl.opengl.GL30C.nglGenVertexArrays(IJ)V+0
j  org.lwjgl.opengl.GL30C.glGenVertexArrays()I+20
j  org.lwjgl.opengl.GL30.glGenVertexArrays()I+0
j  nl.jasper.flappy.FlappyBird.init()V+1
j  nl.jasper.flappy.FlappyBird.start()V+49
j  nl.jasper.flappy.FlappyBird.flappyBird([Ljava/lang/String;)V+7
v  ~StubRoutines::call_stub

siginfo: EXCEPTION_ACCESS_VIOLATION (0xc0000005), reading address 0x00000000000013c8


Register to memory mapping:

RIP=0x00007ffe8948fbdd lwjgl_opengl.dll
RAX=0x000001c2be6d8a80 points into unknown readable memory: 0x0000000000000000 | 00 00 00 00 00 00 00 00
RBX={method} {0x000001c2ba985800} 'nglGenVertexArrays' '(IJ)V' in 'org/lwjgl/opengl/GL30C'
RCX=0x0000000000000001 is an unknown value
RDX=0x000001c2be6cf82c points into unknown readable memory: 00 00 00 00
RSP=0x000000be2f0ff428 is pointing into the stack for thread: 0x000001c28a0da940
RBP=0x000000be2f0ff4b8 is pointing into the stack for thread: 0x000001c28a0da940
RSI=0x000001c2ba56a1f8 is pointing into metadata
RDI=0x0000000000000001 is an unknown value
R8 =0x0000000000000001 is an unknown value
R9 =0x000001c2be6cf82c points into unknown readable memory: 00 00 00 00
R10=0x0 is NULL
R11=0x000000061fcabec8 is an oop: java.lang.Class 
{0x000000061fcabec8} - klass: 'java/lang/Class'
 - ---- fields (total size 130 words):
 - private volatile transient 'classRedefinedCount' 'I' @12  0
 - abstract internal 'klass' 'J' @16  34372393984 (c11c00 8)
 - abstract internal 'array_klass' 'J' @24  0 (0 0)
 - abstract internal 'oop_size' 'I' @32  130 (82)
 - abstract internal 'static_oop_field_count' 'I' @36  0
 - private volatile transient 'cachedConstructor' 'Ljava/lang/reflect/Constructor;' @40  NULL (0)
 - private transient 'name' 'Ljava/lang/String;' @44  "org.lwjgl.opengl.GL30C"{0x000000061fcac2e8} (c3f9585d)
 - private transient 'module' 'Ljava/lang/Module;' @48  a 'java/lang/Module'{0x000000062046fcb0} (c408df96)
 - private final 'classLoader' 'Ljava/lang/ClassLoader;' @52  a 'jdk/internal/loader/ClassLoaders$AppClassLoader'{0x000000062046faf0} (c408df5e)
 - private transient 'classData' 'Ljava/lang/Object;' @56  NULL (0)
 - private transient 'packageName' 'Ljava/lang/String;' @60  "org.lwjgl.opengl"{0x00000006202e7b10} (c405cf62)
 - private final 'componentType' 'Ljava/lang/Class;' @64  NULL (0)
 - private volatile transient 'reflectionData' 'Ljava/lang/ref/SoftReference;' @68  NULL (0)
 - private volatile transient 'genericInfo' 'Lsun/reflect/generics/repository/ClassRepository;' @72  NULL (0)
 - private volatile transient 'enumConstants' '[Ljava/lang/Object;' @76  NULL (0)
 - private volatile transient 'enumConstantDirectory' 'Ljava/util/Map;' @80  NULL (0)
 - private volatile transient 'annotationData' 'Ljava/lang/Class$AnnotationData;' @84  NULL (0)
 - private volatile transient 'annotationType' 'Lsun/reflect/annotation/AnnotationType;' @88  NULL (0)
 - transient 'classValueMap' 'Ljava/lang/ClassValue$ClassValueMap;' @92  NULL (0)
 - abstract internal 'protection_domain' 'Ljava/lang/Object;' @96  a 'java/security/ProtectionDomain'{0x00000006202fb4f8} (c405f69f)
 - abstract internal 'signers_name' 'Ljava/lang/Object;' @100  NULL (0)
 - abstract internal 'source_file' 'Ljava/lang/Object;' @104  NULL (0)
 - signature: Lorg/lwjgl/opengl/GL30C;
 - ---- static fields (0):
 - public static final 'GL_MAJOR_VERSION' 'I' @112  33307 (821b)
 - public static final 'GL_MINOR_VERSION' 'I' @116  33308 (821c)
 - public static final 'GL_NUM_EXTENSIONS' 'I' @120  33309 (821d)
 - public static final 'GL_CONTEXT_FLAGS' 'I' @124  33310 (821e)
 - public static final 'GL_CONTEXT_FLAG_FORWARD_COMPATIBLE_BIT' 'I' @128  1
 - public static final 'GL_COMPARE_REF_TO_TEXTURE' 'I' @132  34894 (884e)
 - public static final 'GL_CLIP_DISTANCE0' 'I' @136  12288 (3000)
 - public static final 'GL_CLIP_DISTANCE1' 'I' @140  12289 (3001)
 - public static final 'GL_CLIP_DISTANCE2' 'I' @144  12290 (3002)
 - public static final 'GL_CLIP_DISTANCE3' 'I' @148  12291 (3003)
 - public static final 'GL_CLIP_DISTANCE4' 'I' @152  12292 (3004)
 - public static final 'GL_CLIP_DISTANCE5' 'I' @156  12293 (3005)
 - public static final 'GL_CLIP_DISTANCE6' 'I' @160  12294 (3006)
 - public static final 'GL_CLIP_DISTANCE7' 'I' @164  12295 (3007)
 - public static final 'GL_MAX_CLIP_DISTANCES' 'I' @168  3378 (d32)
 - public static final 'GL_MAX_VARYING_COMPONENTS' 'I' @172  35659 (8b4b)
 - public static final 'GL_VERTEX_ATTRIB_ARRAY_INTEGER' 'I' @176  35069 (88fd)
 - public static final 'GL_SAMPLER_1D_ARRAY' 'I' @180  36288 (8dc0)
 - public static final 'GL_SAMPLER_2D_ARRAY' 'I' @184  36289 (8dc1)
 - public static final 'GL_SAMPLER_1D_ARRAY_SHADOW' 'I' @188  36291 (8dc3)
 - public static final 'GL_SAMPLER_2D_ARRAY_SHADOW' 'I' @192  36292 (8dc4)
 - public static final 'GL_SAMPLER_CUBE_SHADOW' 'I' @196  36293 (8dc5)
 - public static final 'GL_UNSIGNED_INT_VEC2' 'I' @200  36294 (8dc6)
 - public static final 'GL_UNSIGNED_INT_VEC3' 'I' @204  36295 (8dc7)
 - public static final 'GL_UNSIGNED_INT_VEC4' 'I' @208  36296 (8dc8)
 - public static final 'GL_INT_SAMPLER_1D' 'I' @212  36297 (8dc9)
 - public static final 'GL_INT_SAMPLER_2D' 'I' @216  36298 (8dca)
 - public static final 'GL_INT_SAMPLER_3D' 'I' @220  36299 (8dcb)
 - public static final 'GL_INT_SAMPLER_CUBE' 'I' @224  36300 (8dcc)
 - public static final 'GL_INT_SAMPLER_1D_ARRAY' 'I' @228  36302 (8dce)
 - public static final 'GL_INT_SAMPLER_2D_ARRAY' 'I' @232  36303 (8dcf)
 - public static final 'GL_UNSIGNED_INT_SAMPLER_1D' 'I' @236  36305 (8dd1)
 - public static final 'GL_UNSIGNED_INT_SAMPLER_2D' 'I' @240  36306 (8dd2)
 - public static final 'GL_UNSIGNED_INT_SAMPLER_3D' 'I' @244  36307 (8dd3)
 - public static final 'GL_UNSIGNED_INT_SAMPLER_CUBE' 'I' @248  36308 (8dd4)
 - public static final 'GL_UNSIGNED_INT_SAMPLER_1D_ARRAY' 'I' @252  36310 (8dd6)
 - public static final 'GL_UNSIGNED_INT_SAMPLER_2D_ARRAY' 'I' @256  36311 (8dd7)
 - public static final 'GL_MIN_PROGRAM_TEXEL_OFFSET' 'I' @260  35076 (8904)
 - public static final 'GL_MAX_PROGRAM_TEXEL_OFFSET' 'I' @264  35077 (8905)
 - public static final 'GL_QUERY_WAIT' 'I' @268  36371 (8e13)
 - public static final 'GL_QUERY_NO_WAIT' 'I' @272  36372 (8e14)
 - public static final 'GL_QUERY_BY_REGION_WAIT' 'I' @276  36373 (8e15)
 - public static final 'GL_QUERY_BY_REGION_NO_WAIT' 'I' @280  36374 (8e16)
 - public static final 'GL_MAP_READ_BIT' 'I' @284  1
 - public static final 'GL_MAP_WRITE_BIT' 'I' @288  2
 - public static final 'GL_MAP_INVALIDATE_RANGE_BIT' 'I' @292  4
 - public static final 'GL_MAP_INVALIDATE_BUFFER_BIT' 'I' @296  8
 - public static final 'GL_MAP_FLUSH_EXPLICIT_BIT' 'I' @300  16 (10)
 - public static final 'GL_MAP_UNSYNCHRONIZED_BIT' 'I' @304  32 (20)
 - public static final 'GL_BUFFER_ACCESS_FLAGS' 'I' @308  37151 (911f)
 - public static final 'GL_BUFFER_MAP_LENGTH' 'I' @312  37152 (9120)
 - public static final 'GL_BUFFER_MAP_OFFSET' 'I' @316  37153 (9121)
 - public static final 'GL_CLAMP_READ_COLOR' 'I' @320  35100 (891c)
 - public static final 'GL_FIXED_ONLY' 'I' @324  35101 (891d)
 - public static final 'GL_DEPTH_COMPONENT32F' 'I' @328  36012 (8cac)
 - public static final 'GL_DEPTH32F_STENCIL8' 'I' @332  36013 (8cad)
 - public static final 'GL_FLOAT_32_UNSIGNED_INT_24_8_REV' 'I' @336  36269 (8dad)
 - public static final 'GL_TEXTURE_RED_TYPE' 'I' @340  35856 (8c10)
 - public static final 'GL_TEXTURE_GREEN_TYPE' 'I' @344  35857 (8c11)
 - public static final 'GL_TEXTURE_BLUE_TYPE' 'I' @348  35858 (8c12)
 - public static final 'GL_TEXTURE_ALPHA_TYPE' 'I' @352  35859 (8c13)
 - public static final 'GL_TEXTURE_DEPTH_TYPE' 'I' @356  35862 (8c16)
 - public static final 'GL_UNSIGNED_NORMALIZED' 'I' @360  35863 (8c17)
 - public static final 'GL_RGBA32F' 'I' @364  34836 (8814)
 - public static final 'GL_RGB32F' 'I' @368  34837 (8815)
 - public static final 'GL_RGBA16F' 'I' @372  34842 (881a)
 - public static final 'GL_RGB16F' 'I' @376  34843 (881b)
 - public static final 'GL_R11F_G11F_B10F' 'I' @380  35898 (8c3a)
 - public static final 'GL_UNSIGNED_INT_10F_11F_11F_REV' 'I' @384  35899 (8c3b)
 - public static final 'GL_RGB9_E5' 'I' @388  35901 (8c3d)
 - public static final 'GL_UNSIGNED_INT_5_9_9_9_REV' 'I' @392  35902 (8c3e)
 - public static final 'GL_TEXTURE_SHARED_SIZE' 'I' @396  35903 (8c3f)
 - public static final 'GL_FRAMEBUFFER' 'I' @400  36160 (8d40)
 - public static final 'GL_READ_FRAMEBUFFER' 'I' @404  36008 (8ca8)
 - public static final 'GL_DRAW_FRAMEBUFFER' 'I' @408  36009 (8ca9)
 - public static final 'GL_RENDERBUFFER' 'I' @412  36161 (8d41)
 - public static final 'GL_STENCIL_INDEX1' 'I' @416  36166 (8d46)
 - public static final 'GL_STENCIL_INDEX4' 'I' @420  36167 (8d47)
 - public static final 'GL_STENCIL_INDEX8' 'I' @424  36168 (8d48)
 - public static final 'GL_STENCIL_INDEX16' 'I' @428  36169 (8d49)
 - public static final 'GL_RENDERBUFFER_WIDTH' 'I' @432  36162 (8d42)
 - public static final 'GL_RENDERBUFFER_HEIGHT' 'I' @436  36163 (8d43)
 - public static final 'GL_RENDERBUFFER_INTERNAL_FORMAT' 'I' @440  36164 (8d44)
 - public static final 'GL_RENDERBUFFER_RED_SIZE' 'I' @444  36176 (8d50)
 - public static final 'GL_RENDERBUFFER_GREEN_SIZE' 'I' @448  36177 (8d51)
 - public static final 'GL_RENDERBUFFER_BLUE_SIZE' 'I' @452  36178 (8d52)
 - public static final 'GL_RENDERBUFFER_ALPHA_SIZE' 'I' @456  36179 (8d53)
 - public static final 'GL_RENDERBUFFER_DEPTH_SIZE' 'I' @460  36180 (8d54)
 - public static final 'GL_RENDERBUFFER_STENCIL_SIZE' 'I' @464  36181 (8d55)
 - public static final 'GL_RENDERBUFFER_SAMPLES' 'I' @468  36011 (8cab)
 - public static final 'GL_FRAMEBUFFER_ATTACHMENT_OBJECT_TYPE' 'I' @472  36048 (8cd0)
 - public static final 'GL_FRAMEBUFFER_ATTACHMENT_OBJECT_NAME' 'I' @476  36049 (8cd1)
 - public static final 'GL_FRAMEBUFFER_ATTACHMENT_TEXTURE_LEVEL' 'I' @480  36050 (8cd2)
 - public static final 'GL_FRAMEBUFFER_ATTACHMENT_TEXTURE_CUBE_MAP_FACE' 'I' @484  36051 (8cd3)
 - public static final 'GL_FRAMEBUFFER_ATTACHMENT_TEXTURE_LAYER' 'I' @488  36052 (8cd4)
 - public static final 'GL_FRAMEBUFFER_ATTACHMENT_COLOR_ENCODING' 'I' @492  33296 (8210)
 - public static final 'GL_FRAMEBUFFER_ATTACHMENT_COMPONENT_TYPE' 'I' @496  33297 (8211)
 - public static final 'GL_FRAMEBUFFER_ATTACHMENT_RED_SIZE' 'I' @500  33298 (8212)
 - public static final 'GL_FRAMEBUFFER_ATTACHMENT_GREEN_SIZE' 'I' @504  33299 (8213)
 - public static final 'GL_FRAMEBUFFER_ATTACHMENT_BLUE_SIZE' 'I' @508  33300 (8214)
 - public static final 'GL_FRAMEBUFFER_ATTACHMENT_ALPHA_SIZE' 'I' @512  33301 (8215)
 - public static final 'GL_FRAMEBUFFER_ATTACHMENT_DEPTH_SIZE' 'I' @516  33302 (8216)
 - public static final 'GL_FRAMEBUFFER_ATTACHMENT_STENCIL_SIZE' 'I' @520  33303 (8217)
 - public static final 'GL_FRAMEBUFFER_DEFAULT' 'I' @524  33304 (8218)
 - public static final 'GL_COLOR_ATTACHMENT0' 'I' @528  36064 (8ce0)
 - public static final 'GL_COLOR_ATTACHMENT1' 'I' @532  36065 (8ce1)
 - public static final 'GL_COLOR_ATTACHMENT2' 'I' @536  36066 (8ce2)
 - public static final 'GL_COLOR_ATTACHMENT3' 'I' @540  36067 (8ce3)
 - public static final 'GL_COLOR_ATTACHMENT4' 'I' @544  36068 (8ce4)
 - public static final 'GL_COLOR_ATTACHMENT5' 'I' @548  36069 (8ce5)
 - public static final 'GL_COLOR_ATTACHMENT6' 'I' @552  36070 (8ce6)
 - public static final 'GL_COLOR_ATTACHMENT7' 'I' @556  36071 (8ce7)
 - public static final 'GL_COLOR_ATTACHMENT8' 'I' @560  36072 (8ce8)
 - public static final 'GL_COLOR_ATTACHMENT9' 'I' @564  36073 (8ce9)
 - public static final 'GL_COLOR_ATTACHMENT10' 'I' @568  36074 (8cea)
 - public static final 'GL_COLOR_ATTACHMENT11' 'I' @572  36075 (8ceb)
 - public static final 'GL_COLOR_ATTACHMENT12' 'I' @576  36076 (8cec)
 - public static final 'GL_COLOR_ATTACHMENT13' 'I' @580  36077 (8ced)
 - public static final 'GL_COLOR_ATTACHMENT14' 'I' @584  36078 (8cee)
 - public static final 'GL_COLOR_ATTACHMENT15' 'I' @588  36079 (8cef)
 - public static final 'GL_COLOR_ATTACHMENT16' 'I' @592  36080 (8cf0)
 - public static final 'GL_COLOR_ATTACHMENT17' 'I' @596  36081 (8cf1)
 - public static final 'GL_COLOR_ATTACHMENT18' 'I' @600  36082 (8cf2)
 - public static final 'GL_COLOR_ATTACHMENT19' 'I' @604  36083 (8cf3)
 - public static final 'GL_COLOR_ATTACHMENT20' 'I' @608  36084 (8cf4)
 - public static final 'GL_COLOR_ATTACHMENT21' 'I' @612  36085 (8cf5)
 - public static final 'GL_COLOR_ATTACHMENT22' 'I' @616  36086 (8cf6)
 - public static final 'GL_COLOR_ATTACHMENT23' 'I' @620  36087 (8cf7)
 - public static final 'GL_COLOR_ATTACHMENT24' 'I' @624  36088 (8cf8)
 - public static final 'GL_COLOR_ATTACHMENT25' 'I' @628  36089 (8cf9)
 - public static final 'GL_COLOR_ATTACHMENT26' 'I' @632  36090 (8cfa)
 - public static final 'GL_COLOR_ATTACHMENT27' 'I' @636  36091 (8cfb)
 - public static final 'GL_COLOR_ATTACHMENT28' 'I' @640  36092 (8cfc)
 - public static final 'GL_COLOR_ATTACHMENT29' 'I' @644  36093 (8cfd)
 - public static final 'GL_COLOR_ATTACHMENT30' 'I' @648  36094 (8cfe)
 - public static final 'GL_COLOR_ATTACHMENT31' 'I' @652  36095 (8cff)
 - public static final 'GL_DEPTH_ATTACHMENT' 'I' @656  36096 (8d00)
 - public static final 'GL_STENCIL_ATTACHMENT' 'I' @660  36128 (8d20)
 - public static final 'GL_DEPTH_STENCIL_ATTACHMENT' 'I' @664  33306 (821a)
 - public static final 'GL_MAX_SAMPLES' 'I' @668  36183 (8d57)
 - public static final 'GL_FRAMEBUFFER_COMPLETE' 'I' @672  36053 (8cd5)
 - public static final 'GL_FRAMEBUFFER_INCOMPLETE_ATTACHMENT' 'I' @676  36054 (8cd6)
 - public static final 'GL_FRAMEBUFFER_INCOMPLETE_MISSING_ATTACHMENT' 'I' @680  36055 (8cd7)
 - public static final 'GL_FRAMEBUFFER_INCOMPLETE_DRAW_BUFFER' 'I' @684  36059 (8cdb)
 - public static final 'GL_FRAMEBUFFER_INCOMPLETE_READ_BUFFER' 'I' @688  36060 (8cdc)
 - public static final 'GL_FRAMEBUFFER_UNSUPPORTED' 'I' @692  36061 (8cdd)
 - public static final 'GL_FRAMEBUFFER_INCOMPLETE_MULTISAMPLE' 'I' @696  36182 (8d56)
 - public static final 'GL_FRAMEBUFFER_UNDEFINED' 'I' @700  33305 (8219)
 - public static final 'GL_FRAMEBUFFER_BINDING' 'I' @704  36006 (8ca6)
 - public static final 'GL_DRAW_FRAMEBUFFER_BINDING' 'I' @708  36006 (8ca6)
 - public static final 'GL_READ_FRAMEBUFFER_BINDING' 'I' @712  36010 (8caa)
 - public static final 'GL_RENDERBUFFER_BINDING' 'I' @716  36007 (8ca7)
 - public static final 'GL_MAX_COLOR_ATTACHMENTS' 'I' @720  36063 (8cdf)
 - public static final 'GL_MAX_RENDERBUFFER_SIZE' 'I' @724  34024 (84e8)
 - public static final 'GL_INVALID_FRAMEBUFFER_OPERATION' 'I' @728  1286 (506)
 - public static final 'GL_DEPTH_STENCIL' 'I' @732  34041 (84f9)
 - public static final 'GL_UNSIGNED_INT_24_8' 'I' @736  34042 (84fa)
 - public static final 'GL_DEPTH24_STENCIL8' 'I' @740  35056 (88f0)
 - public static final 'GL_TEXTURE_STENCIL_SIZE' 'I' @744  35057 (88f1)
 - public static final 'GL_HALF_FLOAT' 'I' @748  5131 (140b)
 - public static final 'GL_RGBA32UI' 'I' @752  36208 (8d70)
 - public static final 'GL_RGB32UI' 'I' @756  36209 (8d71)
 - public static final 'GL_RGBA16UI' 'I' @760  36214 (8d76)
 - public static final 'GL_RGB16UI' 'I' @764  36215 (8d77)
 - public static final 'GL_RGBA8UI' 'I' @768  36220 (8d7c)
 - public static final 'GL_RGB8UI' 'I' @772  36221 (8d7d)
 - public static final 'GL_RGBA32I' 'I' @776  36226 (8d82)
 - public static final 'GL_RGB32I' 'I' @780  36227 (8d83)
 - public static final 'GL_RGBA16I' 'I' @784  36232 (8d88)
 - public static final 'GL_RGB16I' 'I' @788  36233 (8d89)
 - public static final 'GL_RGBA8I' 'I' @792  36238 (8d8e)
 - public static final 'GL_RGB8I' 'I' @796  36239 (8d8f)
 - public static final 'GL_RED_INTEGER' 'I' @800  36244 (8d94)
 - public static final 'GL_GREEN_INTEGER' 'I' @804  36245 (8d95)
 - public static final 'GL_BLUE_INTEGER' 'I' @808  36246 (8d96)
 - public static final 'GL_RGB_INTEGER' 'I' @812  36248 (8d98)
 - public static final 'GL_RGBA_INTEGER' 'I' @816  36249 (8d99)
 - public static final 'GL_BGR_INTEGER' 'I' @820  36250 (8d9a)
 - public static final 'GL_BGRA_INTEGER' 'I' @824  36251 (8d9b)
 - public static final 'GL_TEXTURE_1D_ARRAY' 'I' @828  35864 (8c18)
 - public static final 'GL_TEXTURE_2D_ARRAY' 'I' @832  35866 (8c1a)
 - public static final 'GL_PROXY_TEXTURE_2D_ARRAY' 'I' @836  35867 (8c1b)
 - public static final 'GL_PROXY_TEXTURE_1D_ARRAY' 'I' @840  35865 (8c19)
 - public static final 'GL_TEXTURE_BINDING_1D_ARRAY' 'I' @844  35868 (8c1c)
 - public static final 'GL_TEXTURE_BINDING_2D_ARRAY' 'I' @848  35869 (8c1d)
 - public static final 'GL_MAX_ARRAY_TEXTURE_LAYERS' 'I' @852  35071 (88ff)
 - public static final 'GL_COMPRESSED_RED_RGTC1' 'I' @856  36283 (8dbb)
 - public static final 'GL_COMPRESSED_SIGNED_RED_RGTC1' 'I' @860  36284 (8dbc)
 - public static final 'GL_COMPRESSED_RG_RGTC2' 'I' @864  36285 (8dbd)
 - public static final 'GL_COMPRESSED_SIGNED_RG_RGTC2' 'I' @868  36286 (8dbe)
 - public static final 'GL_R8' 'I' @872  33321 (8229)
 - public static final 'GL_R16' 'I' @876  33322 (822a)
 - public static final 'GL_RG8' 'I' @880  33323 (822b)
 - public static final 'GL_RG16' 'I' @884  33324 (822c)
 - public static final 'GL_R16F' 'I' @888  33325 (822d)
 - public static final 'GL_R32F' 'I' @892  33326 (822e)
 - public static final 'GL_RG16F' 'I' @896  33327 (822f)
 - public static final 'GL_RG32F' 'I' @900  33328 (8230)
 - public static final 'GL_R8I' 'I' @904  33329 (8231)
 - public static final 'GL_R8UI' 'I' @908  33330 (8232)
 - public static final 'GL_R16I' 'I' @912  33331 (8233)
 - public static final 'GL_R16UI' 'I' @916  33332 (8234)
 - public static final 'GL_R32I' 'I' @920  33333 (8235)
 - public static final 'GL_R32UI' 'I' @924  33334 (8236)
 - public static final 'GL_RG8I' 'I' @928  33335 (8237)
 - public static final 'GL_RG8UI' 'I' @932  33336 (8238)
 - public static final 'GL_RG16I' 'I' @936  33337 (8239)
 - public static final 'GL_RG16UI' 'I' @940  33338 (823a)
 - public static final 'GL_RG32I' 'I' @944  33339 (823b)
 - public static final 'GL_RG32UI' 'I' @948  33340 (823c)
 - public static final 'GL_RG' 'I' @952  33319 (8227)
 - public static final 'GL_COMPRESSED_RED' 'I' @956  33317 (8225)
 - public static final 'GL_COMPRESSED_RG' 'I' @960  33318 (8226)
 - public static final 'GL_RG_INTEGER' 'I' @964  33320 (8228)
 - public static final 'GL_TRANSFORM_FEEDBACK_BUFFER' 'I' @968  35982 (8c8e)
 - public static final 'GL_TRANSFORM_FEEDBACK_BUFFER_START' 'I' @972  35972 (8c84)
 - public static final 'GL_TRANSFORM_FEEDBACK_BUFFER_SIZE' 'I' @976  35973 (8c85)
 - public static final 'GL_TRANSFORM_FEEDBACK_BUFFER_BINDING' 'I' @980  35983 (8c8f)
 - public static final 'GL_INTERLEAVED_ATTRIBS' 'I' @984  35980 (8c8c)
 - public static final 'GL_SEPARATE_ATTRIBS' 'I' @988  35981 (8c8d)
 - public static final 'GL_PRIMITIVES_GENERATED' 'I' @992  35975 (8c87)
 - public static final 'GL_TRANSFORM_FEEDBACK_PRIMITIVES_WRITTEN' 'I' @996  35976 (8c88)
 - public static final 'GL_RASTERIZER_DISCARD' 'I' @1000  35977 (8c89)
 - public static final 'GL_MAX_TRANSFORM_FEEDBACK_INTERLEAVED_COMPONENTS' 'I' @1004  35978 (8c8a)
 - public static final 'GL_MAX_TRANSFORM_FEEDBACK_SEPARATE_ATTRIBS' 'I' @1008  35979 (8c8b)
 - public static final 'GL_MAX_TRANSFORM_FEEDBACK_SEPARATE_COMPONENTS' 'I' @1012  35968 (8c80)
 - public static final 'GL_TRANSFORM_FEEDBACK_VARYINGS' 'I' @1016  35971 (8c83)
 - public static final 'GL_TRANSFORM_FEEDBACK_BUFFER_MODE' 'I' @1020  35967 (8c7f)
 - public static final 'GL_TRANSFORM_FEEDBACK_VARYING_MAX_LENGTH' 'I' @1024  35958 (8c76)
 - public static final 'GL_VERTEX_ARRAY_BINDING' 'I' @1028  34229 (85b5)
 - public static final 'GL_FRAMEBUFFER_SRGB' 'I' @1032  36281 (8db9)
R12=0x0 is NULL
R13={method} {0x000001c2ba985800} 'nglGenVertexArrays' '(IJ)V' in 'org/lwjgl/opengl/GL30C'
R14=0x000000be2f0ff4e8 is pointing into the stack for thread: 0x000001c28a0da940
R15=0x000001c28a0da940 is a thread


Registers:
RAX=0x000001c2be6d8a80, RBX=0x000001c2ba9857f8, RCX=0x0000000000000001, RDX=0x000001c2be6cf82c
RSP=0x000000be2f0ff428, RBP=0x000000be2f0ff4b8, RSI=0x000001c2ba56a1f8, RDI=0x0000000000000001
R8 =0x0000000000000001, R9 =0x000001c2be6cf82c, R10=0x0000000000000000, R11=0x000000061fcabec8
R12=0x0000000000000000, R13=0x000001c2ba9857f8, R14=0x000000be2f0ff4e8, R15=0x000001c28a0da940
RIP=0x00007ffe8948fbdd, EFLAGS=0x0000000000010206

Top of Stack: (sp=0x000000be2f0ff428)
0x000000be2f0ff428:   000001c29344d621 0000000000000001
0x000000be2f0ff438:   000001c29344d33c 000001c2ba9857f8
0x000000be2f0ff448:   000001c2ba56a1f8 000000be2f0ff468
0x000000be2f0ff458:   000000be2f0ff4d0 000001c2934495cd
0x000000be2f0ff468:   000001c29344d2f6 000000be2f0ff470
0x000000be2f0ff478:   000001c2ba9857f8 000000be2f0ff4e8
0x000000be2f0ff488:   000001c2ba9b9de0 0000000000000000
0x000000be2f0ff498:   000000061fcabec8 000001c2ba9857f8
0x000000be2f0ff4a8:   0000000000000000 000000be2f0ff4d8
0x000000be2f0ff4b8:   000000be2f0ff538 000001c2934494fe
0x000000be2f0ff4c8:   000000061fcabec8 000001c29344af78
0x000000be2f0ff4d8:   000001c2be6cf82c 0000000000000000
0x000000be2f0ff4e8:   0000000000000001 000000be2f0ff4f0
0x000000be2f0ff4f8:   000001c2ba98596c 000000be2f0ff568
0x000000be2f0ff508:   000001c2ba9b9de0 0000000000000000
0x000000be2f0ff518:   000000061fcabec8 000001c2ba9859d8 

Instructions: (pc=0x00007ffe8948fbdd)
0x00007ffe8948fadd:   98 13 00 00 cc cc cc cc cc cc cc cc cc cc cc cc
0x00007ffe8948faed:   cc cc cc 48 8b 01 48 8b 48 18 48 ff a1 a0 13 00
0x00007ffe8948fafd:   00 cc cc 40 53 48 8b 01 41 8b d8 4c 8b 44 24 30
0x00007ffe8948fb0d:   41 8b d1 44 8b 4c 24 38 8b cb 4c 8b 50 18 5b 49
0x00007ffe8948fb1d:   ff a2 a8 13 00 00 cc cc cc cc cc cc cc cc cc cc
0x00007ffe8948fb2d:   cc cc cc 40 53 48 83 ec 40 48 8b 01 41 8b d8 44
0x00007ffe8948fb3d:   8b 44 24 70 41 8b d1 4c 8b 4c 24 78 8b cb 4c 8b
0x00007ffe8948fb4d:   50 18 48 8b 84 24 90 00 00 00 48 89 44 24 30 48
0x00007ffe8948fb5d:   8b 84 24 88 00 00 00 48 89 44 24 28 48 8b 84 24
0x00007ffe8948fb6d:   80 00 00 00 48 89 44 24 20 41 ff 92 b0 13 00 00
0x00007ffe8948fb7d:   48 83 c4 40 5b c3 cc cc cc cc cc cc cc cc cc cc
0x00007ffe8948fb8d:   cc cc cc 48 8b 01 41 8b c8 48 8b 50 18 48 ff a2
0x00007ffe8948fb9d:   b8 13 00 00 cc cc cc cc cc cc cc cc cc cc cc cc
0x00007ffe8948fbad:   cc cc cc 48 8b 01 49 8b d1 41 8b c8 4c 8b 50 18
0x00007ffe8948fbbd:   49 ff a2 c0 13 00 00 cc cc cc cc cc cc cc cc cc
0x00007ffe8948fbcd:   cc cc cc 48 8b 01 49 8b d1 41 8b c8 4c 8b 50 18
0x00007ffe8948fbdd:   49 ff a2 c8 13 00 00 cc cc cc cc cc cc cc cc cc
0x00007ffe8948fbed:   cc cc cc 48 8b 01 48 8b 48 18 48 8b 81 d0 13 00
0x00007ffe8948fbfd:   00 41 8b c8 48 ff e0 cc cc cc cc cc cc cc cc cc
0x00007ffe8948fc0d:   cc cc cc 40 53 48 8b 01 41 8b d8 44 8b 44 24 30
0x00007ffe8948fc1d:   41 8b d1 44 8b 4c 24 38 8b cb 4c 8b 50 18 5b 49
0x00007ffe8948fc2d:   ff a2 d8 13 00 00 cc cc cc cc cc cc cc cc cc cc
0x00007ffe8948fc3d:   cc cc cc 40 53 48 8b 01 41 8b d8 44 8b 44 24 30
0x00007ffe8948fc4d:   41 8b d1 4c 8b 4c 24 38 8b cb 4c 8b 50 18 8b 44
0x00007ffe8948fc5d:   24 40 89 44 24 30 5b 49 ff a2 e0 13 00 00 cc cc
0x00007ffe8948fc6d:   cc cc cc 40 53 48 8b 01 41 8b d8 4c 8b 44 24 30
0x00007ffe8948fc7d:   41 8b d1 4c 8b 4c 24 38 8b cb 4c 8b 50 18 48 8b
0x00007ffe8948fc8d:   44 24 40 48 89 44 24 30 5b 49 ff a2 e8 13 00 00
0x00007ffe8948fc9d:   cc cc cc 48 8b 01 41 8b c8 48 8b 50 18 48 ff a2
0x00007ffe8948fcad:   f0 13 00 00 cc cc cc cc cc cc cc cc cc cc cc cc
0x00007ffe8948fcbd:   cc cc cc 48 8b 01 45 8b d8 44 8b 44 24 28 41 8b
0x00007ffe8948fccd:   d1 41 8b cb 4c 8b 50 18 49 ff a2 f8 13 00 00 cc 


Stack slot to memory mapping:
stack at sp + 0 slots: 0x000001c29344d621 is at code_begin+993 in an Interpreter codelet
method entry point (kind = native)  [0x000001c29344d240, 0x000001c29344dbc0]  2432 bytes
stack at sp + 1 slots: 0x0000000000000001 is an unknown value
stack at sp + 2 slots: 0x000001c29344d33c is at code_begin+252 in an Interpreter codelet
method entry point (kind = native)  [0x000001c29344d240, 0x000001c29344dbc0]  2432 bytes
stack at sp + 3 slots: {method} {0x000001c2ba985800} 'nglGenVertexArrays' '(IJ)V' in 'org/lwjgl/opengl/GL30C'
stack at sp + 4 slots: 0x000001c2ba56a1f8 is pointing into metadata
stack at sp + 5 slots: 0x000000be2f0ff468 is pointing into the stack for thread: 0x000001c28a0da940
stack at sp + 6 slots: 0x000000be2f0ff4d0 is pointing into the stack for thread: 0x000001c28a0da940
stack at sp + 7 slots: 0x000001c2934495cd is at code_begin+1325 in an Interpreter codelet
return entry points  [0x000001c2934490a0, 0x000001c293449ba0]  2816 bytes


---------------  P R O C E S S  ---------------

Threads class SMR info:
_java_thread_list=0x000001c2beae9300, length=14, elements={
0x000001c28a0da940, 0x000001c2b6ba9660, 0x000001c2b6bafef0, 0x000001c2b6bc8d80,
0x000001c2b6bc83e0, 0x000001c2b6bc6bd0, 0x000001c2b6bc6230, 0x000001c2b6bcaf00,
0x000001c2b6bced00, 0x000001c2b6bdcc00, 0x000001c2ba096520, 0x000001c2ba09b980,
0x000001c2b6bc70a0, 0x000001c2b6bc9250
}

Java Threads: ( => current thread )
=>0x000001c28a0da940 JavaThread "flappyBird" [_thread_in_native, id=23752, stack(0x000000be2f000000,0x000000be2f100000)]
  0x000001c2b6ba9660 JavaThread "Reference Handler" daemon [_thread_blocked, id=38332, stack(0x000000be2f700000,0x000000be2f800000)]
  0x000001c2b6bafef0 JavaThread "Finalizer" daemon [_thread_blocked, id=14180, stack(0x000000be2f800000,0x000000be2f900000)]
  0x000001c2b6bc8d80 JavaThread "Signal Dispatcher" daemon [_thread_blocked, id=24176, stack(0x000000be2f900000,0x000000be2fa00000)]
  0x000001c2b6bc83e0 JavaThread "Attach Listener" daemon [_thread_blocked, id=22192, stack(0x000000be2fa00000,0x000000be2fb00000)]
  0x000001c2b6bc6bd0 JavaThread "Service Thread" daemon [_thread_blocked, id=31760, stack(0x000000be2fb00000,0x000000be2fc00000)]
  0x000001c2b6bc6230 JavaThread "Monitor Deflation Thread" daemon [_thread_blocked, id=31308, stack(0x000000be2fc00000,0x000000be2fd00000)]
  0x000001c2b6bcaf00 JavaThread "C2 CompilerThread0" daemon [_thread_blocked, id=40484, stack(0x000000be2fd00000,0x000000be2fe00000)]
  0x000001c2b6bced00 JavaThread "C1 CompilerThread0" daemon [_thread_blocked, id=40768, stack(0x000000be2fe00000,0x000000be2ff00000)]
  0x000001c2b6bdcc00 JavaThread "Sweeper thread" daemon [_thread_blocked, id=35592, stack(0x000000be2ff00000,0x000000be30000000)]
  0x000001c2ba096520 JavaThread "C1 CompilerThread1" daemon [_thread_blocked, id=34372, stack(0x000000be30000000,0x000000be30100000)]
  0x000001c2ba09b980 JavaThread "C1 CompilerThread2" daemon [_thread_blocked, id=16536, stack(0x000000be30100000,0x000000be30200000)]
  0x000001c2b6bc70a0 JavaThread "Notification Thread" daemon [_thread_blocked, id=31368, stack(0x000000be30200000,0x000000be30300000)]
  0x000001c2b6bc9250 JavaThread "Common-Cleaner" daemon [_thread_blocked, id=30288, stack(0x000000be30400000,0x000000be30500000)]

Other Threads:
  0x000001c2b6a5fad0 VMThread "VM Thread" [stack: 0x000000be2f600000,0x000000be2f700000] [id=38236]
  0x000001c2ba09e8f0 WatcherThread "VM Periodic Task Thread" [stack: 0x000000be30300000,0x000000be30400000] [id=25880]
  0x000001c2b6a14910 WorkerThread "GC Thread#0" [stack: 0x000000be2f100000,0x000000be2f200000] [id=28896]
  0x000001c28a18d0e0 ConcurrentGCThread "G1 Main Marker" [stack: 0x000000be2f200000,0x000000be2f300000] [id=4940]
  0x000001c28a18e270 WorkerThread "G1 Conc#0" [stack: 0x000000be2f300000,0x000000be2f400000] [id=40540]
  0x000001c28a0fc980 ConcurrentGCThread "G1 Refine#0" [stack: 0x000000be2f400000,0x000000be2f500000] [id=5016]
  0x000001c2b6add3d0 ConcurrentGCThread "G1 Service" [stack: 0x000000be2f500000,0x000000be2f600000] [id=35280]

Threads with active compile tasks:

VM state: not at safepoint (normal execution)

VM Mutex/Monitor currently owned by a thread: None

Heap address: 0x0000000600800000, size: 8184 MB, Compressed Oops mode: Zero based, Oop shift amount: 3

CDS archive(s) mapped at: [0x0000000800000000-0x0000000800ba0000-0x0000000800ba0000), size 12189696, SharedBaseAddress: 0x0000000800000000, ArchiveRelocationMode: 0.
Compressed class space mapped at: 0x0000000800c00000-0x0000000840c00000, reserved size: 1073741824
Narrow klass base: 0x0000000800000000, Narrow klass shift: 0, Narrow klass range: 0x100000000

GC Precious Log:
 CardTable entry size: 512
 Card Set container configuration: InlinePtr #cards 4 size 8 Array Of Cards #cards 32 size 80 Howl #buckets 8 coarsen threshold 7372 Howl Bitmap #cards 1024 size 144 coarsen threshold 921 Card regions per heap region 1 cards per card region 8192
 CPUs: 24 total, 24 available
 Memory: 32720M
 Large Page Support: Disabled
 NUMA Support: Disabled
 Compressed Oops: Enabled (Zero based)
 Heap Region Size: 4M
 Heap Min Capacity: 8M
 Heap Initial Capacity: 512M
 Heap Max Capacity: 8184M
 Pre-touch: Disabled
 Parallel Workers: 18
 Concurrent Workers: 5
 Concurrent Refinement Workers: 18
 Periodic GC: Disabled

Heap:
 garbage-first heap   total 524288K, used 8192K [0x0000000600800000, 0x0000000800000000)
  region size 4096K, 3 young (12288K), 0 survivors (0K)
 Metaspace       used 3480K, committed 3584K, reserved 1114112K
  class space    used 199K, committed 256K, reserved 1048576K

Heap Regions: E=young(eden), S=young(survivor), O=old, HS=humongous(starts), HC=humongous(continues), CS=collection set, F=free, OA=open archive, CA=closed archive, TAMS=top-at-mark-start (previous, next)
|   0|0x0000000600800000, 0x0000000600800000, 0x0000000600c00000|  0%| F|  |TAMS 0x0000000600800000, 0x0000000600800000| Untracked 
|   1|0x0000000600c00000, 0x0000000600c00000, 0x0000000601000000|  0%| F|  |TAMS 0x0000000600c00000, 0x0000000600c00000| Untracked 
|   2|0x0000000601000000, 0x0000000601000000, 0x0000000601400000|  0%| F|  |TAMS 0x0000000601000000, 0x0000000601000000| Untracked 
|   3|0x0000000601400000, 0x0000000601400000, 0x0000000601800000|  0%| F|  |TAMS 0x0000000601400000, 0x0000000601400000| Untracked 
|   4|0x0000000601800000, 0x0000000601800000, 0x0000000601c00000|  0%| F|  |TAMS 0x0000000601800000, 0x0000000601800000| Untracked 
|   5|0x0000000601c00000, 0x0000000601c00000, 0x0000000602000000|  0%| F|  |TAMS 0x0000000601c00000, 0x0000000601c00000| Untracked 
|   6|0x0000000602000000, 0x0000000602000000, 0x0000000602400000|  0%| F|  |TAMS 0x0000000602000000, 0x0000000602000000| Untracked 
|   7|0x0000000602400000, 0x0000000602400000, 0x0000000602800000|  0%| F|  |TAMS 0x0000000602400000, 0x0000000602400000| Untracked 
|   8|0x0000000602800000, 0x0000000602800000, 0x0000000602c00000|  0%| F|  |TAMS 0x0000000602800000, 0x0000000602800000| Untracked 
|   9|0x0000000602c00000, 0x0000000602c00000, 0x0000000603000000|  0%| F|  |TAMS 0x0000000602c00000, 0x0000000602c00000| Untracked 
|  10|0x0000000603000000, 0x0000000603000000, 0x0000000603400000|  0%| F|  |TAMS 0x0000000603000000, 0x0000000603000000| Untracked 
|  11|0x0000000603400000, 0x0000000603400000, 0x0000000603800000|  0%| F|  |TAMS 0x0000000603400000, 0x0000000603400000| Untracked 
|  12|0x0000000603800000, 0x0000000603800000, 0x0000000603c00000|  0%| F|  |TAMS 0x0000000603800000, 0x0000000603800000| Untracked 
|  13|0x0000000603c00000, 0x0000000603c00000, 0x0000000604000000|  0%| F|  |TAMS 0x0000000603c00000, 0x0000000603c00000| Untracked 
|  14|0x0000000604000000, 0x0000000604000000, 0x0000000604400000|  0%| F|  |TAMS 0x0000000604000000, 0x0000000604000000| Untracked 
|  15|0x0000000604400000, 0x0000000604400000, 0x0000000604800000|  0%| F|  |TAMS 0x0000000604400000, 0x0000000604400000| Untracked 
|  16|0x0000000604800000, 0x0000000604800000, 0x0000000604c00000|  0%| F|  |TAMS 0x0000000604800000, 0x0000000604800000| Untracked 
|  17|0x0000000604c00000, 0x0000000604c00000, 0x0000000605000000|  0%| F|  |TAMS 0x0000000604c00000, 0x0000000604c00000| Untracked 
|  18|0x0000000605000000, 0x0000000605000000, 0x0000000605400000|  0%| F|  |TAMS 0x0000000605000000, 0x0000000605000000| Untracked 
|  19|0x0000000605400000, 0x0000000605400000, 0x0000000605800000|  0%| F|  |TAMS 0x0000000605400000, 0x0000000605400000| Untracked 
|  20|0x0000000605800000, 0x0000000605800000, 0x0000000605c00000|  0%| F|  |TAMS 0x0000000605800000, 0x0000000605800000| Untracked 
|  21|0x0000000605c00000, 0x0000000605c00000, 0x0000000606000000|  0%| F|  |TAMS 0x0000000605c00000, 0x0000000605c00000| Untracked 
|  22|0x0000000606000000, 0x0000000606000000, 0x0000000606400000|  0%| F|  |TAMS 0x0000000606000000, 0x0000000606000000| Untracked 
|  23|0x0000000606400000, 0x0000000606400000, 0x0000000606800000|  0%| F|  |TAMS 0x0000000606400000, 0x0000000606400000| Untracked 
|  24|0x0000000606800000, 0x0000000606800000, 0x0000000606c00000|  0%| F|  |TAMS 0x0000000606800000, 0x0000000606800000| Untracked 
|  25|0x0000000606c00000, 0x0000000606c00000, 0x0000000607000000|  0%| F|  |TAMS 0x0000000606c00000, 0x0000000606c00000| Untracked 
|  26|0x0000000607000000, 0x0000000607000000, 0x0000000607400000|  0%| F|  |TAMS 0x0000000607000000, 0x0000000607000000| Untracked 
|  27|0x0000000607400000, 0x0000000607400000, 0x0000000607800000|  0%| F|  |TAMS 0x0000000607400000, 0x0000000607400000| Untracked 
|  28|0x0000000607800000, 0x0000000607800000, 0x0000000607c00000|  0%| F|  |TAMS 0x0000000607800000, 0x0000000607800000| Untracked 
|  29|0x0000000607c00000, 0x0000000607c00000, 0x0000000608000000|  0%| F|  |TAMS 0x0000000607c00000, 0x0000000607c00000| Untracked 
|  30|0x0000000608000000, 0x0000000608000000, 0x0000000608400000|  0%| F|  |TAMS 0x0000000608000000, 0x0000000608000000| Untracked 
|  31|0x0000000608400000, 0x0000000608400000, 0x0000000608800000|  0%| F|  |TAMS 0x0000000608400000, 0x0000000608400000| Untracked 
|  32|0x0000000608800000, 0x0000000608800000, 0x0000000608c00000|  0%| F|  |TAMS 0x0000000608800000, 0x0000000608800000| Untracked 
|  33|0x0000000608c00000, 0x0000000608c00000, 0x0000000609000000|  0%| F|  |TAMS 0x0000000608c00000, 0x0000000608c00000| Untracked 
|  34|0x0000000609000000, 0x0000000609000000, 0x0000000609400000|  0%| F|  |TAMS 0x0000000609000000, 0x0000000609000000| Untracked 
|  35|0x0000000609400000, 0x0000000609400000, 0x0000000609800000|  0%| F|  |TAMS 0x0000000609400000, 0x0000000609400000| Untracked 
|  36|0x0000000609800000, 0x0000000609800000, 0x0000000609c00000|  0%| F|  |TAMS 0x0000000609800000, 0x0000000609800000| Untracked 
|  37|0x0000000609c00000, 0x0000000609c00000, 0x000000060a000000|  0%| F|  |TAMS 0x0000000609c00000, 0x0000000609c00000| Untracked 
|  38|0x000000060a000000, 0x000000060a000000, 0x000000060a400000|  0%| F|  |TAMS 0x000000060a000000, 0x000000060a000000| Untracked 
|  39|0x000000060a400000, 0x000000060a400000, 0x000000060a800000|  0%| F|  |TAMS 0x000000060a400000, 0x000000060a400000| Untracked 
|  40|0x000000060a800000, 0x000000060a800000, 0x000000060ac00000|  0%| F|  |TAMS 0x000000060a800000, 0x000000060a800000| Untracked 
|  41|0x000000060ac00000, 0x000000060ac00000, 0x000000060b000000|  0%| F|  |TAMS 0x000000060ac00000, 0x000000060ac00000| Untracked 
|  42|0x000000060b000000, 0x000000060b000000, 0x000000060b400000|  0%| F|  |TAMS 0x000000060b000000, 0x000000060b000000| Untracked 
|  43|0x000000060b400000, 0x000000060b400000, 0x000000060b800000|  0%| F|  |TAMS 0x000000060b400000, 0x000000060b400000| Untracked 
|  44|0x000000060b800000, 0x000000060b800000, 0x000000060bc00000|  0%| F|  |TAMS 0x000000060b800000, 0x000000060b800000| Untracked 
|  45|0x000000060bc00000, 0x000000060bc00000, 0x000000060c000000|  0%| F|  |TAMS 0x000000060bc00000, 0x000000060bc00000| Untracked 
|  46|0x000000060c000000, 0x000000060c000000, 0x000000060c400000|  0%| F|  |TAMS 0x000000060c000000, 0x000000060c000000| Untracked 
|  47|0x000000060c400000, 0x000000060c400000, 0x000000060c800000|  0%| F|  |TAMS 0x000000060c400000, 0x000000060c400000| Untracked 
|  48|0x000000060c800000, 0x000000060c800000, 0x000000060cc00000|  0%| F|  |TAMS 0x000000060c800000, 0x000000060c800000| Untracked 
|  49|0x000000060cc00000, 0x000000060cc00000, 0x000000060d000000|  0%| F|  |TAMS 0x000000060cc00000, 0x000000060cc00000| Untracked 
|  50|0x000000060d000000, 0x000000060d000000, 0x000000060d400000|  0%| F|  |TAMS 0x000000060d000000, 0x000000060d000000| Untracked 
|  51|0x000000060d400000, 0x000000060d400000, 0x000000060d800000|  0%| F|  |TAMS 0x000000060d400000, 0x000000060d400000| Untracked 
|  52|0x000000060d800000, 0x000000060d800000, 0x000000060dc00000|  0%| F|  |TAMS 0x000000060d800000, 0x000000060d800000| Untracked 
|  53|0x000000060dc00000, 0x000000060dc00000, 0x000000060e000000|  0%| F|  |TAMS 0x000000060dc00000, 0x000000060dc00000| Untracked 
|  54|0x000000060e000000, 0x000000060e000000, 0x000000060e400000|  0%| F|  |TAMS 0x000000060e000000, 0x000000060e000000| Untracked 
|  55|0x000000060e400000, 0x000000060e400000, 0x000000060e800000|  0%| F|  |TAMS 0x000000060e400000, 0x000000060e400000| Untracked 
|  56|0x000000060e800000, 0x000000060e800000, 0x000000060ec00000|  0%| F|  |TAMS 0x000000060e800000, 0x000000060e800000| Untracked 
|  57|0x000000060ec00000, 0x000000060ec00000, 0x000000060f000000|  0%| F|  |TAMS 0x000000060ec00000, 0x000000060ec00000| Untracked 
|  58|0x000000060f000000, 0x000000060f000000, 0x000000060f400000|  0%| F|  |TAMS 0x000000060f000000, 0x000000060f000000| Untracked 
|  59|0x000000060f400000, 0x000000060f400000, 0x000000060f800000|  0%| F|  |TAMS 0x000000060f400000, 0x000000060f400000| Untracked 
|  60|0x000000060f800000, 0x000000060f800000, 0x000000060fc00000|  0%| F|  |TAMS 0x000000060f800000, 0x000000060f800000| Untracked 
|  61|0x000000060fc00000, 0x000000060fc00000, 0x0000000610000000|  0%| F|  |TAMS 0x000000060fc00000, 0x000000060fc00000| Untracked 
|  62|0x0000000610000000, 0x0000000610000000, 0x0000000610400000|  0%| F|  |TAMS 0x0000000610000000, 0x0000000610000000| Untracked 
|  63|0x0000000610400000, 0x0000000610400000, 0x0000000610800000|  0%| F|  |TAMS 0x0000000610400000, 0x0000000610400000| Untracked 
|  64|0x0000000610800000, 0x0000000610800000, 0x0000000610c00000|  0%| F|  |TAMS 0x0000000610800000, 0x0000000610800000| Untracked 
|  65|0x0000000610c00000, 0x0000000610c00000, 0x0000000611000000|  0%| F|  |TAMS 0x0000000610c00000, 0x0000000610c00000| Untracked 
|  66|0x0000000611000000, 0x0000000611000000, 0x0000000611400000|  0%| F|  |TAMS 0x0000000611000000, 0x0000000611000000| Untracked 
|  67|0x0000000611400000, 0x0000000611400000, 0x0000000611800000|  0%| F|  |TAMS 0x0000000611400000, 0x0000000611400000| Untracked 
|  68|0x0000000611800000, 0x0000000611800000, 0x0000000611c00000|  0%| F|  |TAMS 0x0000000611800000, 0x0000000611800000| Untracked 
|  69|0x0000000611c00000, 0x0000000611c00000, 0x0000000612000000|  0%| F|  |TAMS 0x0000000611c00000, 0x0000000611c00000| Untracked 
|  70|0x0000000612000000, 0x0000000612000000, 0x0000000612400000|  0%| F|  |TAMS 0x0000000612000000, 0x0000000612000000| Untracked 
|  71|0x0000000612400000, 0x0000000612400000, 0x0000000612800000|  0%| F|  |TAMS 0x0000000612400000, 0x0000000612400000| Untracked 
|  72|0x0000000612800000, 0x0000000612800000, 0x0000000612c00000|  0%| F|  |TAMS 0x0000000612800000, 0x0000000612800000| Untracked 
|  73|0x0000000612c00000, 0x0000000612c00000, 0x0000000613000000|  0%| F|  |TAMS 0x0000000612c00000, 0x0000000612c00000| Untracked 
|  74|0x0000000613000000, 0x0000000613000000, 0x0000000613400000|  0%| F|  |TAMS 0x0000000613000000, 0x0000000613000000| Untracked 
|  75|0x0000000613400000, 0x0000000613400000, 0x0000000613800000|  0%| F|  |TAMS 0x0000000613400000, 0x0000000613400000| Untracked 
|  76|0x0000000613800000, 0x0000000613800000, 0x0000000613c00000|  0%| F|  |TAMS 0x0000000613800000, 0x0000000613800000| Untracked 
|  77|0x0000000613c00000, 0x0000000613c00000, 0x0000000614000000|  0%| F|  |TAMS 0x0000000613c00000, 0x0000000613c00000| Untracked 
|  78|0x0000000614000000, 0x0000000614000000, 0x0000000614400000|  0%| F|  |TAMS 0x0000000614000000, 0x0000000614000000| Untracked 
|  79|0x0000000614400000, 0x0000000614400000, 0x0000000614800000|  0%| F|  |TAMS 0x0000000614400000, 0x0000000614400000| Untracked 
|  80|0x0000000614800000, 0x0000000614800000, 0x0000000614c00000|  0%| F|  |TAMS 0x0000000614800000, 0x0000000614800000| Untracked 
|  81|0x0000000614c00000, 0x0000000614c00000, 0x0000000615000000|  0%| F|  |TAMS 0x0000000614c00000, 0x0000000614c00000| Untracked 
|  82|0x0000000615000000, 0x0000000615000000, 0x0000000615400000|  0%| F|  |TAMS 0x0000000615000000, 0x0000000615000000| Untracked 
|  83|0x0000000615400000, 0x0000000615400000, 0x0000000615800000|  0%| F|  |TAMS 0x0000000615400000, 0x0000000615400000| Untracked 
|  84|0x0000000615800000, 0x0000000615800000, 0x0000000615c00000|  0%| F|  |TAMS 0x0000000615800000, 0x0000000615800000| Untracked 
|  85|0x0000000615c00000, 0x0000000615c00000, 0x0000000616000000|  0%| F|  |TAMS 0x0000000615c00000, 0x0000000615c00000| Untracked 
|  86|0x0000000616000000, 0x0000000616000000, 0x0000000616400000|  0%| F|  |TAMS 0x0000000616000000, 0x0000000616000000| Untracked 
|  87|0x0000000616400000, 0x0000000616400000, 0x0000000616800000|  0%| F|  |TAMS 0x0000000616400000, 0x0000000616400000| Untracked 
|  88|0x0000000616800000, 0x0000000616800000, 0x0000000616c00000|  0%| F|  |TAMS 0x0000000616800000, 0x0000000616800000| Untracked 
|  89|0x0000000616c00000, 0x0000000616c00000, 0x0000000617000000|  0%| F|  |TAMS 0x0000000616c00000, 0x0000000616c00000| Untracked 
|  90|0x0000000617000000, 0x0000000617000000, 0x0000000617400000|  0%| F|  |TAMS 0x0000000617000000, 0x0000000617000000| Untracked 
|  91|0x0000000617400000, 0x0000000617400000, 0x0000000617800000|  0%| F|  |TAMS 0x0000000617400000, 0x0000000617400000| Untracked 
|  92|0x0000000617800000, 0x0000000617800000, 0x0000000617c00000|  0%| F|  |TAMS 0x0000000617800000, 0x0000000617800000| Untracked 
|  93|0x0000000617c00000, 0x0000000617c00000, 0x0000000618000000|  0%| F|  |TAMS 0x0000000617c00000, 0x0000000617c00000| Untracked 
|  94|0x0000000618000000, 0x0000000618000000, 0x0000000618400000|  0%| F|  |TAMS 0x0000000618000000, 0x0000000618000000| Untracked 
|  95|0x0000000618400000, 0x0000000618400000, 0x0000000618800000|  0%| F|  |TAMS 0x0000000618400000, 0x0000000618400000| Untracked 
|  96|0x0000000618800000, 0x0000000618800000, 0x0000000618c00000|  0%| F|  |TAMS 0x0000000618800000, 0x0000000618800000| Untracked 
|  97|0x0000000618c00000, 0x0000000618c00000, 0x0000000619000000|  0%| F|  |TAMS 0x0000000618c00000, 0x0000000618c00000| Untracked 
|  98|0x0000000619000000, 0x0000000619000000, 0x0000000619400000|  0%| F|  |TAMS 0x0000000619000000, 0x0000000619000000| Untracked 
|  99|0x0000000619400000, 0x0000000619400000, 0x0000000619800000|  0%| F|  |TAMS 0x0000000619400000, 0x0000000619400000| Untracked 
| 100|0x0000000619800000, 0x0000000619800000, 0x0000000619c00000|  0%| F|  |TAMS 0x0000000619800000, 0x0000000619800000| Untracked 
| 101|0x0000000619c00000, 0x0000000619c00000, 0x000000061a000000|  0%| F|  |TAMS 0x0000000619c00000, 0x0000000619c00000| Untracked 
| 102|0x000000061a000000, 0x000000061a000000, 0x000000061a400000|  0%| F|  |TAMS 0x000000061a000000, 0x000000061a000000| Untracked 
| 103|0x000000061a400000, 0x000000061a400000, 0x000000061a800000|  0%| F|  |TAMS 0x000000061a400000, 0x000000061a400000| Untracked 
| 104|0x000000061a800000, 0x000000061a800000, 0x000000061ac00000|  0%| F|  |TAMS 0x000000061a800000, 0x000000061a800000| Untracked 
| 105|0x000000061ac00000, 0x000000061ac00000, 0x000000061b000000|  0%| F|  |TAMS 0x000000061ac00000, 0x000000061ac00000| Untracked 
| 106|0x000000061b000000, 0x000000061b000000, 0x000000061b400000|  0%| F|  |TAMS 0x000000061b000000, 0x000000061b000000| Untracked 
| 107|0x000000061b400000, 0x000000061b400000, 0x000000061b800000|  0%| F|  |TAMS 0x000000061b400000, 0x000000061b400000| Untracked 
| 108|0x000000061b800000, 0x000000061b800000, 0x000000061bc00000|  0%| F|  |TAMS 0x000000061b800000, 0x000000061b800000| Untracked 
| 109|0x000000061bc00000, 0x000000061bc00000, 0x000000061c000000|  0%| F|  |TAMS 0x000000061bc00000, 0x000000061bc00000| Untracked 
| 110|0x000000061c000000, 0x000000061c000000, 0x000000061c400000|  0%| F|  |TAMS 0x000000061c000000, 0x000000061c000000| Untracked 
| 111|0x000000061c400000, 0x000000061c400000, 0x000000061c800000|  0%| F|  |TAMS 0x000000061c400000, 0x000000061c400000| Untracked 
| 112|0x000000061c800000, 0x000000061c800000, 0x000000061cc00000|  0%| F|  |TAMS 0x000000061c800000, 0x000000061c800000| Untracked 
| 113|0x000000061cc00000, 0x000000061cc00000, 0x000000061d000000|  0%| F|  |TAMS 0x000000061cc00000, 0x000000061cc00000| Untracked 
| 114|0x000000061d000000, 0x000000061d000000, 0x000000061d400000|  0%| F|  |TAMS 0x000000061d000000, 0x000000061d000000| Untracked 
| 115|0x000000061d400000, 0x000000061d400000, 0x000000061d800000|  0%| F|  |TAMS 0x000000061d400000, 0x000000061d400000| Untracked 
| 116|0x000000061d800000, 0x000000061d800000, 0x000000061dc00000|  0%| F|  |TAMS 0x000000061d800000, 0x000000061d800000| Untracked 
| 117|0x000000061dc00000, 0x000000061dc00000, 0x000000061e000000|  0%| F|  |TAMS 0x000000061dc00000, 0x000000061dc00000| Untracked 
| 118|0x000000061e000000, 0x000000061e000000, 0x000000061e400000|  0%| F|  |TAMS 0x000000061e000000, 0x000000061e000000| Untracked 
| 119|0x000000061e400000, 0x000000061e400000, 0x000000061e800000|  0%| F|  |TAMS 0x000000061e400000, 0x000000061e400000| Untracked 
| 120|0x000000061e800000, 0x000000061e800000, 0x000000061ec00000|  0%| F|  |TAMS 0x000000061e800000, 0x000000061e800000| Untracked 
| 121|0x000000061ec00000, 0x000000061ec00000, 0x000000061f000000|  0%| F|  |TAMS 0x000000061ec00000, 0x000000061ec00000| Untracked 
| 122|0x000000061f000000, 0x000000061f000000, 0x000000061f400000|  0%| F|  |TAMS 0x000000061f000000, 0x000000061f000000| Untracked 
| 123|0x000000061f400000, 0x000000061f400000, 0x000000061f800000|  0%| F|  |TAMS 0x000000061f400000, 0x000000061f400000| Untracked 
| 124|0x000000061f800000, 0x000000061f800000, 0x000000061fc00000|  0%| F|  |TAMS 0x000000061f800000, 0x000000061f800000| Untracked 
| 125|0x000000061fc00000, 0x000000061fcf8378, 0x0000000620000000| 24%| E|  |TAMS 0x000000061fc00000, 0x000000061fc00000| Complete 
| 126|0x0000000620000000, 0x0000000620400000, 0x0000000620400000|100%| E|CS|TAMS 0x0000000620000000, 0x0000000620000000| Complete 
| 127|0x0000000620400000, 0x0000000620800000, 0x0000000620800000|100%| E|CS|TAMS 0x0000000620400000, 0x0000000620400000| Complete 

Card table byte_map: [0x000001c2a4940000,0x000001c2a5940000] _byte_map_base: 0x000001c2a193c000

Marking Bits (Prev, Next): (CMBitMap*) 0x000001c28a18c7e0, (CMBitMap*) 0x000001c28a18c820
 Prev Bits: [0x000001c2a6940000, 0x000001c2ae920000)
 Next Bits: [0x000001c2ae920000, 0x000001c2b6900000)

Polling page: 0x000001c289cd0000

Metaspace:

Usage:
  Non-class:      3.20 MB used.
      Class:    199.76 KB used.
       Both:      3.40 MB used.

Virtual space:
  Non-class space:       64.00 MB reserved,       3.25 MB (  5%) committed,  1 nodes.
      Class space:        1.00 GB reserved,     256.00 KB ( <1%) committed,  1 nodes.
             Both:        1.06 GB reserved,       3.50 MB ( <1%) committed. 

Chunk freelists:
   Non-Class:  2.25 MB
       Class:  3.66 MB
        Both:  5.91 MB

MaxMetaspaceSize: unlimited
CompressedClassSpaceSize: 1.00 GB
Initial GC threshold: 21.00 MB
Current GC threshold: 21.00 MB
CDS: on
MetaspaceReclaimPolicy: balanced
 - commit_granule_bytes: 65536.
 - commit_granule_words: 8192.
 - virtual_space_node_default_size: 8388608.
 - enlarge_chunks_in_place: 1.
 - new_chunks_are_fully_committed: 0.
 - uncommit_free_chunks: 1.
 - use_allocation_guard: 0.


Internal statistics:

num_allocs_failed_limit: 0.
num_arena_births: 66.
num_arena_deaths: 0.
num_vsnodes_births: 2.
num_vsnodes_deaths: 0.
num_space_committed: 56.
num_space_uncommitted: 0.
num_chunks_returned_to_freelist: 0.
num_chunks_taken_from_freelist: 156.
num_chunk_merges: 0.
num_chunk_splits: 99.
num_chunks_enlarged: 74.
num_inconsistent_stats: 0.

CodeHeap 'non-profiled nmethods': size=119168Kb used=182Kb max_used=182Kb free=118985Kb
 bounds [0x000001c29afe0000, 0x000001c29b250000, 0x000001c2a2440000]
CodeHeap 'profiled nmethods': size=119104Kb used=1055Kb max_used=1055Kb free=118048Kb
 bounds [0x000001c293b90000, 0x000001c293e00000, 0x000001c29afe0000]
CodeHeap 'non-nmethods': size=7488Kb used=2735Kb max_used=2749Kb free=4752Kb
 bounds [0x000001c293440000, 0x000001c293700000, 0x000001c293b90000]
 total_blobs=1700 nmethods=667 adapters=944
 compilation: enabled
              stopped_count=0, restarted_count=0
 full_count=0

Compilation events (20 events):
Event: 0.462 Thread 0x000001c2ba096520 nmethod 656 0x000001c293c92790 code [0x000001c293c929e0, 0x000001c293c93538]
Event: 0.462 Thread 0x000001c2ba096520  658       3       jdk.internal.ref.CleanerFactory::cleaner (4 bytes)
Event: 0.462 Thread 0x000001c2b6bcaf00 nmethod 654 0x000001c29b00d290 code [0x000001c29b00d400, 0x000001c29b00d5b8]
Event: 0.462 Thread 0x000001c2ba096520 nmethod 658 0x000001c293c93890 code [0x000001c293c93a20, 0x000001c293c93b18]
Event: 0.462 Thread 0x000001c2ba096520  659   !   3       jdk.internal.loader.BuiltinClassLoader::loadClassOrNull (143 bytes)
Event: 0.462 Thread 0x000001c2b6bced00  660       3       java.lang.ClassLoader::getClassLoadingLock (35 bytes)
Event: 0.462 Thread 0x000001c2ba09b980  661       3       java.lang.ClassLoader::findLoadedClass (15 bytes)
Event: 0.463 Thread 0x000001c2ba09b980 nmethod 661 0x000001c293c93b90 code [0x000001c293c93d40, 0x000001c293c93f38]
Event: 0.463 Thread 0x000001c2ba09b980  665       3       java.util.jar.JarFile::maybeInstantiateVerifier (42 bytes)
Event: 0.463 Thread 0x000001c2b6bced00 nmethod 660 0x000001c293c94010 code [0x000001c293c941c0, 0x000001c293c944c8]
Event: 0.463 Thread 0x000001c2b6bced00  663       3       jdk.internal.loader.BuiltinClassLoader::findLoadedModule (33 bytes)
Event: 0.463 Thread 0x000001c2ba09b980 nmethod 665 0x000001c293c94610 code [0x000001c293c947e0, 0x000001c293c94b78]
Event: 0.463 Thread 0x000001c2ba09b980  664       3       jdk.internal.loader.BuiltinClassLoader::loadClassOrNull (7 bytes)
Event: 0.463 Thread 0x000001c2ba09b980 nmethod 664 0x000001c293c94c90 code [0x000001c293c94e40, 0x000001c293c95008]
Event: 0.463 Thread 0x000001c2b6bced00 nmethod 663 0x000001c293c95090 code [0x000001c293c952a0, 0x000001c293c958f8]
Event: 0.463 Thread 0x000001c2ba096520 nmethod 659 0x000001c293c95b90 code [0x000001c293c95e40, 0x000001c293c96de8]
Event: 0.463 Thread 0x000001c2ba096520  666       3       java.lang.String::toLowerCase (8 bytes)
Event: 0.463 Thread 0x000001c2b6bced00  667       3       java.util.Locale::getDefault (4 bytes)
Event: 0.463 Thread 0x000001c2b6bced00 nmethod 667 0x000001c293c97410 code [0x000001c293c975a0, 0x000001c293c97698]
Event: 0.463 Thread 0x000001c2ba096520 nmethod 666 0x000001c293c97710 code [0x000001c293c978e0, 0x000001c293c97c78]

GC Heap History (0 events):
No events

Deoptimization events (12 events):
Event: 0.079 Thread 0x000001c28a0da940 DEOPT PACKING pc=0x000001c293baa567 sp=0x000000be2f0fab30
Event: 0.079 Thread 0x000001c28a0da940 DEOPT UNPACKING pc=0x000001c293492b43 sp=0x000000be2f0f9f50 mode 0
Event: 0.101 Thread 0x000001c28a0da940 DEOPT PACKING pc=0x000001c293b99451 sp=0x000000be2f0fa2e0
Event: 0.101 Thread 0x000001c28a0da940 DEOPT UNPACKING pc=0x000001c293492b43 sp=0x000000be2f0f9758 mode 0
Event: 0.118 Thread 0x000001c28a0da940 Uncommon trap: trap_request=0xffffff45 fr.pc=0x000001c29afe6fe4 relative=0x0000000000000064
Event: 0.118 Thread 0x000001c28a0da940 Uncommon trap: reason=unstable_if action=reinterpret pc=0x000001c29afe6fe4 method=java.io.WinNTFileSystem.isSlash(C)Z @ 9 c2
Event: 0.118 Thread 0x000001c28a0da940 DEOPT PACKING pc=0x000001c29afe6fe4 sp=0x000000be2f0fbd50
Event: 0.118 Thread 0x000001c28a0da940 DEOPT UNPACKING pc=0x000001c2934923a3 sp=0x000000be2f0fbcd8 mode 2
Event: 0.466 Thread 0x000001c28a0da940 Uncommon trap: trap_request=0xffffff54 fr.pc=0x000001c29b00d160 relative=0x0000000000000060
Event: 0.466 Thread 0x000001c28a0da940 Uncommon trap: reason=speculate_null_assert action=make_not_entrant pc=0x000001c29b00d160 method=sun.misc.Unsafe.putLong(Ljava/lang/Object;JJ)V @ 7 c2
Event: 0.466 Thread 0x000001c28a0da940 DEOPT PACKING pc=0x000001c29b00d160 sp=0x000000be2f0ff380
Event: 0.466 Thread 0x000001c28a0da940 DEOPT UNPACKING pc=0x000001c2934923a3 sp=0x000000be2f0ff2f8 mode 2

Classes loaded (20 events):
Event: 0.152 Loading class java/lang/invoke/DirectMethodHandle$StaticAccessor
Event: 0.153 Loading class java/lang/invoke/DirectMethodHandle$StaticAccessor done
Event: 0.155 Loading class java/util/function/LongPredicate
Event: 0.155 Loading class java/util/function/LongPredicate done
Event: 0.156 Loading class jdk/internal/access/foreign/MemorySegmentProxy
Event: 0.156 Loading class jdk/internal/access/foreign/MemorySegmentProxy done
Event: 0.161 Loading class java/nio/InvalidMarkException
Event: 0.161 Loading class java/nio/InvalidMarkException done
Event: 0.161 Loading class java/nio/BufferUnderflowException
Event: 0.161 Loading class java/nio/BufferUnderflowException done
Event: 0.172 Loading class java/util/Formatter$FixedString
Event: 0.172 Loading class java/util/Formatter$FixedString done
Event: 0.187 Loading class java/lang/NoSuchFieldError
Event: 0.187 Loading class java/lang/NoSuchFieldError done
Event: 0.196 Loading class jdk/internal/reflect/MethodHandleIntegerFieldAccessorImpl
Event: 0.196 Loading class jdk/internal/reflect/MethodHandleIntegerFieldAccessorImpl done
Event: 0.447 Loading class java/nio/file/FileAlreadyExistsException
Event: 0.447 Loading class java/nio/file/FileAlreadyExistsException done
Event: 0.448 Loading class java/nio/file/StandardCopyOption
Event: 0.448 Loading class java/nio/file/StandardCopyOption done

Classes unloaded (0 events):
No events

Classes redefined (0 events):
No events

Internal exceptions (20 events):
Event: 0.123 Thread 0x000001c28a0da940 Exception <a 'sun/nio/fs/WindowsException'{0x00000006200efa88}> (0x00000006200efa88) 
thrown [s\src\hotspot\share\prims\jni.cpp, line 516]
Event: 0.155 Thread 0x000001c28a0da940 Exception <a 'java/lang/NoSuchMethodError'{0x0000000620198048}: 'int java.lang.invoke.DirectMethodHandle$Holder.invokeStaticInit(java.lang.Object, java.lang.Object, int, long)'> (0x0000000620198048) 
thrown [s\src\hotspot\share\interpreter\linkResolver.cpp, line 759]
Event: 0.156 Thread 0x000001c28a0da940 Exception <a 'java/lang/NoSuchMethodError'{0x000000062019d910}: 'java.lang.Object java.lang.invoke.DirectMethodHandle$Holder.newInvokeSpecial(java.lang.Object, java.lang.Object, int)'> (0x000000062019d910) 
thrown [s\src\hotspot\share\interpreter\linkResolver.cpp, line 759]
Event: 0.158 Thread 0x000001c28a0da940 Exception <a 'java/lang/NoSuchMethodError'{0x00000006201ad990}: 'int java.lang.invoke.DirectMethodHandle$Holder.invokeStaticInit(java.lang.Object, java.lang.Object, long, long)'> (0x00000006201ad990) 
thrown [s\src\hotspot\share\interpreter\linkResolver.cpp, line 759]
Event: 0.159 Thread 0x000001c28a0da940 Exception <a 'java/lang/NoSuchMethodError'{0x00000006201b3aa0}: 'java.lang.Object java.lang.invoke.DirectMethodHandle$Holder.newInvokeSpecial(java.lang.Object, java.lang.Object, long)'> (0x00000006201b3aa0) 
thrown [s\src\hotspot\share\interpreter\linkResolver.cpp, line 759]
Event: 0.160 Thread 0x000001c28a0da940 Exception <a 'java/lang/NoSuchMethodError'{0x00000006201b7af8}: 'java.lang.Object java.lang.invoke.Invokers$Holder.linkToTargetMethod(java.lang.Object, long, java.lang.Object)'> (0x00000006201b7af8) 
thrown [s\src\hotspot\share\interpreter\linkResolver.cpp, line 759]
Event: 0.160 Thread 0x000001c28a0da940 Exception <a 'java/lang/NoSuchMethodError'{0x00000006201bf0a0}: 'int java.lang.invoke.DirectMethodHandle$Holder.invokeStaticInit(java.lang.Object, java.lang.Object, java.lang.Object, long)'> (0x00000006201bf0a0) 
thrown [s\src\hotspot\share\interpreter\linkResolver.cpp, line 759]
Event: 0.186 Thread 0x000001c28a0da940 Exception <a 'sun/nio/fs/WindowsException'{0x0000000620277658}> (0x0000000620277658) 
thrown [s\src\hotspot\share\prims\jni.cpp, line 516]
Event: 0.186 Thread 0x000001c28a0da940 Exception <a 'sun/nio/fs/WindowsException'{0x00000006202779c8}> (0x00000006202779c8) 
thrown [s\src\hotspot\share\prims\jni.cpp, line 516]
Event: 0.196 Thread 0x000001c28a0da940 Exception <a 'java/lang/NoSuchMethodError'{0x0000000620296798}: 'int java.lang.invoke.Invokers$Holder.invokeExact_MT(java.lang.Object, java.lang.Object)'> (0x0000000620296798) 
thrown [s\src\hotspot\share\interpreter\linkResolver.cpp, line 759]
Event: 0.445 Thread 0x000001c28a0da940 Exception <a 'java/lang/NoSuchMethodError'{0x00000006203eab40}: 'void java.lang.System.load(java.lang.String, java.lang.Class)'> (0x00000006203eab40) 
thrown [s\src\hotspot\share\interpreter\linkResolver.cpp, line 759]
Event: 0.446 Thread 0x000001c28a0da940 Exception <a 'java/lang/NoSuchMethodError'{0x00000006203ed9d0}: 'void java.lang.System.loadLibrary(java.lang.String, java.lang.Class)'> (0x00000006203ed9d0) 
thrown [s\src\hotspot\share\interpreter\linkResolver.cpp, line 759]
Event: 0.447 Thread 0x000001c28a0da940 Exception <a 'sun/nio/fs/WindowsException'{0x00000006203f2250}> (0x00000006203f2250) 
thrown [s\src\hotspot\share\prims\jni.cpp, line 516]
Event: 0.447 Thread 0x000001c28a0da940 Exception <a 'sun/nio/fs/WindowsException'{0x00000006203f2550}> (0x00000006203f2550) 
thrown [s\src\hotspot\share\prims\jni.cpp, line 516]
Event: 0.447 Thread 0x000001c28a0da940 Exception <a 'sun/nio/fs/WindowsException'{0x00000006203f3018}> (0x00000006203f3018) 
thrown [s\src\hotspot\share\prims\jni.cpp, line 516]
Event: 0.448 Thread 0x000001c28a0da940 Exception <a 'sun/nio/fs/WindowsException'{0x00000006203fa548}> (0x00000006203fa548) 
thrown [s\src\hotspot\share\prims\jni.cpp, line 516]
Event: 0.452 Thread 0x000001c28a0da940 Exception <a 'sun/nio/fs/WindowsException'{0x00000006203fd3e0}> (0x00000006203fd3e0) 
thrown [s\src\hotspot\share\prims\jni.cpp, line 516]
Event: 0.452 Thread 0x000001c28a0da940 Exception <a 'sun/nio/fs/WindowsException'{0x00000006203fd790}> (0x00000006203fd790) 
thrown [s\src\hotspot\share\prims\jni.cpp, line 516]
Event: 0.457 Thread 0x000001c28a0da940 Exception <a 'sun/nio/fs/WindowsException'{0x000000061fc07db8}> (0x000000061fc07db8) 
thrown [s\src\hotspot\share\prims\jni.cpp, line 516]
Event: 0.457 Thread 0x000001c28a0da940 Exception <a 'sun/nio/fs/WindowsException'{0x000000061fc080a0}> (0x000000061fc080a0) 
thrown [s\src\hotspot\share\prims\jni.cpp, line 516]

VM Operations (4 events):
Event: 0.064 Executing VM operation: HandshakeAllThreads
Event: 0.064 Executing VM operation: HandshakeAllThreads done
Event: 0.118 Executing VM operation: HandshakeAllThreads
Event: 0.118 Executing VM operation: HandshakeAllThreads done

Events (20 events):
Event: 0.017 Thread 0x000001c2b6bafef0 Thread added: 0x000001c2b6bafef0
Event: 0.027 Thread 0x000001c2b6bc8d80 Thread added: 0x000001c2b6bc8d80
Event: 0.027 Thread 0x000001c2b6bc83e0 Thread added: 0x000001c2b6bc83e0
Event: 0.027 Thread 0x000001c2b6bc6bd0 Thread added: 0x000001c2b6bc6bd0
Event: 0.027 Thread 0x000001c2b6bc6230 Thread added: 0x000001c2b6bc6230
Event: 0.027 Thread 0x000001c2b6bcaf00 Thread added: 0x000001c2b6bcaf00
Event: 0.027 Thread 0x000001c2b6bced00 Thread added: 0x000001c2b6bced00
Event: 0.027 Thread 0x000001c2b6bdcc00 Thread added: 0x000001c2b6bdcc00
Event: 0.050 Thread 0x000001c2ba096520 Thread added: 0x000001c2ba096520
Event: 0.050 Thread 0x000001c2ba09b980 Thread added: 0x000001c2ba09b980
Event: 0.052 Thread 0x000001c2b6bc70a0 Thread added: 0x000001c2b6bc70a0
Event: 0.055 Thread 0x000001c2b6bc9250 Thread added: 0x000001c2b6bc9250
Event: 0.059 Loaded shared library H:\Program Files\Java\Amazon\jdk18.0.2_9\bin\net.dll
Event: 0.060 Loaded shared library H:\Program Files\Java\Amazon\jdk18.0.2_9\bin\nio.dll
Event: 0.063 Loaded shared library H:\Program Files\Java\Amazon\jdk18.0.2_9\bin\zip.dll
Event: 0.109 Loaded shared library H:\Program Files\Java\Amazon\jdk18.0.2_9\bin\jimage.dll
Event: 0.124 Loaded shared library C:\Users\jasper\AppData\Local\Temp\lwjgl_jasper\3.3.3+5\x64\lwjgl.dll
Event: 0.150 Thread 0x000001c2ba32d290 Thread added: 0x000001c2ba32d290
Event: 0.435 Thread 0x000001c2ba32d290 Thread exited: 0x000001c2ba32d290
Event: 0.454 Loaded shared library C:\Users\jasper\AppData\Local\Temp\lwjgl_jasper\3.3.3+5\x64\lwjgl_opengl.dll


Dynamic libraries:
0x00007ff68c3a0000 - 0x00007ff68c3ad000 	H:\Program Files\Java\Amazon\jdk18.0.2_9\bin\java.exe
0x00007ffecc6f0000 - 0x00007ffecc906000 	C:\Windows\SYSTEM32\ntdll.dll
0x00007ffecad40000 - 0x00007ffecae04000 	C:\Windows\System32\KERNEL32.DLL
0x00007ffeca000000 - 0x00007ffeca3a7000 	C:\Windows\System32\KERNELBASE.dll
0x00007ffec9e20000 - 0x00007ffec9f31000 	C:\Windows\System32\ucrtbase.dll
0x00007ffea91f0000 - 0x00007ffea9205000 	H:\Program Files\Java\Amazon\jdk18.0.2_9\bin\VCRUNTIME140.dll
0x00007ffead060000 - 0x00007ffead077000 	H:\Program Files\Java\Amazon\jdk18.0.2_9\bin\jli.dll
0x00007ffecaf10000 - 0x00007ffecb0be000 	C:\Windows\System32\USER32.dll
0x00007ffec9d70000 - 0x00007ffec9d96000 	C:\Windows\System32\win32u.dll
0x00007ffecac90000 - 0x00007ffecacb9000 	C:\Windows\System32\GDI32.dll
0x00007ffec9a10000 - 0x00007ffec9b29000 	C:\Windows\System32\gdi32full.dll
0x00007ffebe870000 - 0x00007ffebeb03000 	C:\Windows\WinSxS\amd64_microsoft.windows.common-controls_6595b64144ccf1df_6.0.22621.3235_none_270f74e173860f98\COMCTL32.dll
0x00007ffec9b60000 - 0x00007ffec9bfa000 	C:\Windows\System32\msvcp_win.dll
0x00007ffecc100000 - 0x00007ffecc1a7000 	C:\Windows\System32\msvcrt.dll
0x00007ffecbee0000 - 0x00007ffecbf11000 	C:\Windows\System32\IMM32.DLL
0x00007ffe04b50000 - 0x00007ffe04beb000 	H:\Program Files\Java\Amazon\jdk18.0.2_9\bin\msvcp140.dll
0x00007ffde5010000 - 0x00007ffde5c81000 	H:\Program Files\Java\Amazon\jdk18.0.2_9\bin\server\jvm.dll
0x00007ffecbe20000 - 0x00007ffecbed2000 	C:\Windows\System32\ADVAPI32.dll
0x00007ffecae60000 - 0x00007ffecaf08000 	C:\Windows\System32\sechost.dll
0x00007ffec9b30000 - 0x00007ffec9b58000 	C:\Windows\System32\bcrypt.dll
0x00007ffecba90000 - 0x00007ffecbba5000 	C:\Windows\System32\RPCRT4.dll
0x00007ffecb0c0000 - 0x00007ffecb0c8000 	C:\Windows\System32\PSAPI.DLL
0x00007ffeb6430000 - 0x00007ffeb6439000 	C:\Windows\SYSTEM32\WSOCK32.dll
0x00007ffeb8f40000 - 0x00007ffeb8f74000 	C:\Windows\SYSTEM32\WINMM.dll
0x00007ffec02b0000 - 0x00007ffec02ba000 	C:\Windows\SYSTEM32\VERSION.dll
0x00007ffecc630000 - 0x00007ffecc6a1000 	C:\Windows\System32\WS2_32.dll
0x00007ffec8b00000 - 0x00007ffec8b18000 	C:\Windows\SYSTEM32\kernel.appcore.dll
0x00007ffea91e0000 - 0x00007ffea91ea000 	H:\Program Files\Java\Amazon\jdk18.0.2_9\bin\jimage.dll
0x00007ffec71b0000 - 0x00007ffec73e3000 	C:\Windows\SYSTEM32\DBGHELP.DLL
0x00007ffeca680000 - 0x00007ffecaa08000 	C:\Windows\System32\combase.dll
0x00007ffecbf20000 - 0x00007ffecbff7000 	C:\Windows\System32\OLEAUT32.dll
0x00007ffebf180000 - 0x00007ffebf1b2000 	C:\Windows\SYSTEM32\dbgcore.DLL
0x00007ffec9da0000 - 0x00007ffec9e19000 	C:\Windows\System32\bcryptPrimitives.dll
0x00007ffea56c0000 - 0x00007ffea56e5000 	H:\Program Files\Java\Amazon\jdk18.0.2_9\bin\java.dll
0x00007ffe034b0000 - 0x00007ffe03586000 	H:\Program Files\Java\Amazon\jdk18.0.2_9\bin\jsvml.dll
0x00007ffecb0d0000 - 0x00007ffecb92c000 	C:\Windows\System32\SHELL32.dll
0x00007ffec7920000 - 0x00007ffec8219000 	C:\Windows\SYSTEM32\windows.storage.dll
0x00007ffec77e0000 - 0x00007ffec791e000 	C:\Windows\SYSTEM32\wintypes.dll
0x00007ffeca570000 - 0x00007ffeca663000 	C:\Windows\System32\SHCORE.dll
0x00007ffecacc0000 - 0x00007ffecad1e000 	C:\Windows\System32\shlwapi.dll
0x00007ffec9940000 - 0x00007ffec9961000 	C:\Windows\SYSTEM32\profapi.dll
0x00007ffe99020000 - 0x00007ffe99033000 	H:\Program Files\Java\Amazon\jdk18.0.2_9\bin\net.dll
0x00007ffec3d20000 - 0x00007ffec3e56000 	C:\Windows\SYSTEM32\WINHTTP.dll
0x00007ffec8f60000 - 0x00007ffec8fc9000 	C:\Windows\system32\mswsock.dll
0x00007ffe98a20000 - 0x00007ffe98a35000 	H:\Program Files\Java\Amazon\jdk18.0.2_9\bin\nio.dll
0x00007ffe99040000 - 0x00007ffe99058000 	H:\Program Files\Java\Amazon\jdk18.0.2_9\bin\zip.dll
0x00007ffe99a90000 - 0x00007ffe99b0b000 	C:\Users\jasper\AppData\Local\Temp\lwjgl_jasper\3.3.3+5\x64\lwjgl.dll
0x00007ffe99a00000 - 0x00007ffe99a82000 	C:\Users\jasper\AppData\Local\Temp\lwjgl_jasper\3.3.3+5\x64\glfw.dll
0x00007ffe894e0000 - 0x00007ffe89526000 	C:\Windows\SYSTEM32\dinput8.dll
0x00007ffe905e0000 - 0x00007ffe905f1000 	C:\Windows\SYSTEM32\xinput1_4.dll
0x00007ffec9720000 - 0x00007ffec976e000 	C:\Windows\SYSTEM32\cfgmgr32.dll
0x00007ffec96d0000 - 0x00007ffec96fc000 	C:\Windows\SYSTEM32\DEVOBJ.dll
0x00007ffec6cc0000 - 0x00007ffec6ceb000 	C:\Windows\SYSTEM32\dwmapi.dll
0x00007ffeafa70000 - 0x00007ffeafc7a000 	C:\Windows\SYSTEM32\inputhost.dll
0x00007ffec64a0000 - 0x00007ffec65d4000 	C:\Windows\SYSTEM32\CoreMessaging.dll
0x00007ffec6a40000 - 0x00007ffec6aeb000 	C:\Windows\system32\uxtheme.dll
0x00007ffec9290000 - 0x00007ffec929c000 	C:\Windows\SYSTEM32\CRYPTBASE.DLL
0x00007ffecb930000 - 0x00007ffecba83000 	C:\Windows\System32\MSCTF.dll
0x00007ffe9e0f0000 - 0x00007ffe9e1f0000 	C:\Windows\SYSTEM32\opengl32.dll
0x00007ffe9e0c0000 - 0x00007ffe9e0ed000 	C:\Windows\SYSTEM32\GLU32.dll
0x00007ffec6b70000 - 0x00007ffec6ba9000 	C:\Windows\SYSTEM32\dxcore.dll
0x00007ffecbbb0000 - 0x00007ffecbc60000 	C:\Windows\System32\clbcatq.dll
0x00007ffde2360000 - 0x00007ffde5001000 	C:\Windows\System32\DriverStore\FileRepository\nv_dispi.inf_amd64_830091b3ebd4b98a\nvoglv64.dll
0x00007ffecc1b0000 - 0x00007ffecc624000 	C:\Windows\System32\SETUPAPI.dll
0x00007ffecaa70000 - 0x00007ffecac15000 	C:\Windows\System32\ole32.dll
0x00007ffec88c0000 - 0x00007ffec88d4000 	C:\Windows\SYSTEM32\WTSAPI32.dll
0x00007ffec96b0000 - 0x00007ffec96c2000 	C:\Windows\SYSTEM32\msasn1.dll
0x00007ffec00a0000 - 0x00007ffec00d2000 	C:\Windows\SYSTEM32\cryptnet.dll
0x00007ffec9c00000 - 0x00007ffec9d67000 	C:\Windows\System32\CRYPT32.dll
0x00007ffebff40000 - 0x00007ffec0098000 	C:\Windows\SYSTEM32\drvstore.dll
0x00007ffec91e0000 - 0x00007ffec9228000 	C:\Windows\SYSTEM32\wldp.dll
0x00007ffeca3b0000 - 0x00007ffeca41b000 	C:\Windows\System32\WINTRUST.dll
0x00007ffec8b20000 - 0x00007ffec8b54000 	C:\Windows\SYSTEM32\ntmarta.dll
0x00007ffeca420000 - 0x00007ffeca43f000 	C:\Windows\System32\imagehlp.dll
0x00007ffec92b0000 - 0x00007ffec92cb000 	C:\Windows\SYSTEM32\CRYPTSP.dll
0x00007ffec8a60000 - 0x00007ffec8a95000 	C:\Windows\system32\rsaenh.dll
0x00007ffebae80000 - 0x00007ffebd09d000 	C:\Windows\System32\DriverStore\FileRepository\nv_dispi.inf_amd64_830091b3ebd4b98a\nvgpucomp64.dll
0x00007ffe6aa90000 - 0x00007ffe6ad61000 	C:\Windows\system32\nvspcap64.dll
0x00007ffec8870000 - 0x00007ffec88bd000 	C:\Windows\SYSTEM32\powrprof.dll
0x00007ffec8850000 - 0x00007ffec8863000 	C:\Windows\SYSTEM32\UMPDC.dll
0x00007ffec87c0000 - 0x00007ffec8826000 	C:\Windows\SYSTEM32\WINSTA.dll
0x00007ffeb1df0000 - 0x00007ffeb1f3a000 	C:\Windows\SYSTEM32\textinputframework.dll
0x00007ffec32d0000 - 0x00007ffec363c000 	C:\Windows\SYSTEM32\CoreUIComponents.dll
0x00007ffe89480000 - 0x00007ffe894de000 	C:\Users\jasper\AppData\Local\Temp\lwjgl_jasper\3.3.3+5\x64\lwjgl_opengl.dll

dbghelp: loaded successfully - version: 4.0.5 - missing functions: none
symbol engine: initialized successfully - sym options: 0x614 - pdb path: .;H:\Program Files\Java\Amazon\jdk18.0.2_9\bin;C:\Windows\SYSTEM32;C:\Windows\WinSxS\amd64_microsoft.windows.common-controls_6595b64144ccf1df_6.0.22621.3235_none_270f74e173860f98;H:\Program Files\Java\Amazon\jdk18.0.2_9\bin\server;C:\Users\jasper\AppData\Local\Temp\lwjgl_jasper\3.3.3+5\x64;C:\Windows\System32\DriverStore\FileRepository\nv_dispi.inf_amd64_830091b3ebd4b98a

VM Arguments:
jvm_args: -Dfile.encoding=windows-1252 -Duser.country=NL -Duser.language=nl -Duser.variant 
java_command: nl.jasper.flappy.FlappyBird
java_class_path (initial): H:\Dev\Java\FlappyBird\build\classes\java\flappyBird;H:\Dev\Java\FlappyBird\build\resources\flappyBird;C:\Users\jasper\.gradle\caches\modules-2\files-2.1\org.lwjgl\lwjgl-assimp\3.3.3\c2c34011cbda30ed8cf98bc5cbf97b49afe5279a\lwjgl-assimp-3.3.3.jar;C:\Users\jasper\.gradle\caches\modules-2\files-2.1\org.lwjgl\lwjgl-assimp\3.3.3\d90ccdade594716062975cffd1431d387f770ac4\lwjgl-assimp-3.3.3-natives-windows.jar;C:\Users\jasper\.gradle\caches\modules-2\files-2.1\org.lwjgl\lwjgl-bgfx\3.3.3\a19c4bfd1532863425098f05316726854aed8c51\lwjgl-bgfx-3.3.3.jar;C:\Users\jasper\.gradle\caches\modules-2\files-2.1\org.lwjgl\lwjgl-bgfx\3.3.3\2db0ad304f20677e9269311cb6cb5f4f2eed889\lwjgl-bgfx-3.3.3-natives-windows.jar;C:\Users\jasper\.gradle\caches\modules-2\files-2.1\org.lwjgl\lwjgl-glfw\3.3.3\efa1eb78c5ccd840e9f329717109b5e892d72f8e\lwjgl-glfw-3.3.3.jar;C:\Users\jasper\.gradle\caches\modules-2\files-2.1\org.lwjgl\lwjgl-glfw\3.3.3\e449e28b4891fc423c54c85fbc5bb0b9efece67a\lwjgl-glfw-3.3.3-natives-windows.jar;C:\Users\jasper\.gradle\caches\modules-2\files-2.1\org.lwjgl\lwjgl-nanovg\3.3.3\37f0b9fc142948c3b2c6cd563db7233b14b9640c\lwjgl-nanovg-3.3.3.jar;C:\Users\jasper\.gradle\caches\modules-2\files-2.1\org.lwjgl\lwjgl-nanovg\3.3.3\ccfbc346c4ce0737b7fe758d6337a3741af2f256\lwjgl-nanovg-3.3.3-natives-windows.jar;C:\Users\jasper\.gradle\caches\modules-2\files-2.1\org.lwjgl\lwjgl-nuklear\3.3.3\d120a8ab01987e285f83f43f862bef728011d97d\lwjgl-nuklear-3.3.3.jar;C:\Users\jasper\.gradle\caches\modules-2\files-2.1\org.lwjgl\lwjgl-nuklear\3.3.3\3132690c8cbbdd7c948eb233610151b6a6c62b9a\lwjgl-nuklear-3.3.3-natives-windows.jar;C:\Users\jasper\.gradle\caches\modules-2\files-2.1\org.lwjgl\lwjgl-openal\3.3.3\daada81ceb5fc0c291fbfdd4433cb8d9423577f2\lwjgl-openal-3.3.3.jar;C:\Users\jasper\.gradle\caches\modules-2\files-2.1\org.lwjgl\lwjgl-openal\3.3.3\cf83862ae95d98496b26915024c7e666d8ab1c8f\lwjgl-openal-3.3.3-natives-windows.jar;C:\Users\jasper\.gradle\caches\modules-2\files-2.1\org.lwjgl\lwjgl-opengl\3.3.3\2f6b0147078396a58979125a4c947664e98293a\lwjgl-opengl-3.3.3.jar;C:\Users\jasper\.gradle\caches\modules-2\files-2.1\org.lwjgl\lwjgl-opengl\3.3.3\e6c1eec8be8a71951b830a4d69efc01c6531900c\lwjgl-opengl-3.3.3-natives-windows.jar;C:\Users\jasper\.gradle\caches\modules-2\files-2.1\org.lwjgl\lwjgl-par\3.3.3\9bf8ec696f9f8852418338e3000e31f3d9a730a4\lwjgl-par-3.3.3.jar;C:\Users\jasper\.gradle\caches\modules-2\files-2.1\org.lwjgl\lwjgl-par\3.3.3\a34de629b882f53f9a3905f0d04e4618fb9ec4a\lwjgl-par-3.3.3-natives-windows.jar;C:\Users\jasper\.gradle\caches\modules-2\files-2.1\org.lwjgl\lwjgl-stb\3.3.3\25dd6161988d7e65f71d5065c99902402ee32746\lwjgl-stb-3.3.3.jar;C:\Users\jasper\.gradle\caches\modules-2\files-2.1\org.lwjgl\lwjgl-stb\3.3.3\1d9facdf6541de114b0f963be33505b7679c78cb\lwjgl-stb-3.3.3-natives-windows.jar;C:\Users\jasper\.gradle\caches\modules-2\files-2.1\org.lwjgl\lwjgl-vulkan\3.3.3\2d85b61672fa82ec5045979ac49c7940913eea50\lwjgl-vulkan-3.3.3.jar;C:\Users\jasper\.gradle\caches\modules-2\files-2.1\org.lwjgl\lwjgl\3.3.3\29589b5f87ed335a6c7e7ee6a5775f81f97ecb84\lwjgl-3.3.3.jar;C:\Users\jasper\.gradle\caches\modules-2\files-2.1\org.lwjgl\lwjgl\3.3.3\a5ed18a2b82fc91b81f40d717cb1f64c9dcb0540\lwjgl-3.3.3-natives-windows.jar;C:\Users\jasper\.gradle\caches\modules-2\files-2.1\org.joml\joml-primitives\1.10.0\b3ae3ae0dfee0bf5aef9f7964205cca0f3c6ea07\joml-primitives-1.10.0.jar;C:\Users\jasper\.gradle\caches\modules-2\files-2.1\org.joml\joml\1.10.5\22566d58af70ad3d72308bab63b8339906deb649\joml-1.10.5.jar
Launcher Type: SUN_STANDARD

[Global flags]
     intx CICompilerCount                          = 12                                        {product} {ergonomic}
     uint ConcGCThreads                            = 5                                         {product} {ergonomic}
     uint G1ConcRefinementThreads                  = 18                                        {product} {ergonomic}
   size_t G1HeapRegionSize                         = 4194304                                   {product} {ergonomic}
    uintx GCDrainStackTargetSize                   = 64                                        {product} {ergonomic}
   size_t InitialHeapSize                          = 536870912                                 {product} {ergonomic}
   size_t MarkStackSize                            = 4194304                                   {product} {ergonomic}
   size_t MaxHeapSize                              = 8581545984                                {product} {ergonomic}
   size_t MaxNewSize                               = 5146411008                                {product} {ergonomic}
   size_t MinHeapDeltaBytes                        = 4194304                                   {product} {ergonomic}
   size_t MinHeapSize                              = 8388608                                   {product} {ergonomic}
    uintx NonNMethodCodeHeapSize                   = 7602480                                {pd product} {ergonomic}
    uintx NonProfiledCodeHeapSize                  = 122027880                              {pd product} {ergonomic}
    uintx ProfiledCodeHeapSize                     = 122027880                              {pd product} {ergonomic}
    uintx ReservedCodeCacheSize                    = 251658240                              {pd product} {ergonomic}
     bool SegmentedCodeCache                       = true                                      {product} {ergonomic}
   size_t SoftMaxHeapSize                          = 8581545984                             {manageable} {ergonomic}
     bool UseCompressedClassPointers               = true                           {product lp64_product} {ergonomic}
     bool UseCompressedOops                        = true                           {product lp64_product} {ergonomic}
     bool UseG1GC                                  = true                                      {product} {ergonomic}
     bool UseLargePagesIndividualAllocation        = false                                  {pd product} {ergonomic}

Logging:
Log output configuration:
 #0: stdout all=warning uptime,level,tags foldmultilines=false
 #1: stderr all=off uptime,level,tags foldmultilines=false

Environment Variables:
JAVA_HOME=H:\Program Files\Java\Amazon\jdk17.0.5_8
PATH=C:\Users\jasper\go\bin;C:\Ruby32-x64\bin;C:\Program Files (x86)\Intel\oneAPI\tbb\latest\redist\intel64\vc_mt\;C:\Program Files (x86)\Intel\oneAPI\tbb\latest\redist\ia32\vc_mt\;C:\Program Files (x86)\Intel\oneAPI\compiler\latest\windows\redist\intel64_win\compiler;C:\Program Files (x86)\Intel\oneAPI\compiler\latest\windows\redist\ia32_win\compiler;C:\VulkanSDK\1.3.243.0\Bin;C:\Program Files (x86)\Razer\ChromaBroadcast\bin;C:\Program Files\Razer\ChromaBroadcast\bin;C:\Program Files (x86)\Razer Chroma SDK\bin;C:\Program Files\Razer Chroma SDK\bin;E:\Oculus\Support\oculus-runtime;C:\Program Files (x86)\VMware\VMware Workstation\bin\;C:\Windows\system32;C:\Windows;C:\Windows\System32\Wbem;C:\Windows\System32\WindowsPowerShell\v1.0\;C:\Windows\System32\OpenSSH\;C:\Program Files\NVIDIA Corporation\NVIDIA NvDLISR;C:\Users\jasper\AppData\Roaming\nvm;C:\Program Files\nodejs;H:\Dev\vcpkg;C:\Program Files (x86)\Windows Kits\10\Windows Performance Toolkit\;C:\tools-path;C:\Users\jasper\AppData\Local\Programs\Python\Python39\Scripts\;C:\Users\jasper\AppData\Local\Programs\Python\Python39\;C:\Users\jasper\.cargo\bin;C:\Users\jasper\AppData\Local\Programs\Python\Python312\Scripts\;C:\Users\jasper\AppData\Local\Programs\Python\Python312\;C:\Users\jasper\AppData\Local\Programs\Python\Launcher\;C:\Users\jasper\AppData\Local\Microsoft\WindowsApps;C:\Users\jasper\AppData\Local\Programs\Microsoft VS Code\bin;C:\Users\jasper\AppData\Local\JetBrains\Toolbox\scripts;C:\Users\jasper\AppData\Local\gitkraken\bin;C:\Users\jasper\AppData\Local\Microsoft\WinGet\Links;C:\Program Files\GitHub CLI;C:\Program Files\dotnet;C:\Program Files\Git\cmd;C:\Program Files\Go\bin;H:\Program Files\Microsoft Visual Studio\2022\Community\VC\Tools\MSVC\14.35.32215\bin\Hostx64\x64;C:\Program Files\Docker\Docker\resources\bin;C:\Python27\;C:\Users\jasper\AppData\Roaming\nvm;C:\Program Files\nodejs;H:\Program Files\Java\Amazon\jdk17.0.5_8\bin;C:\ProgramData\chocolatey\bin;C:\ProgramData\chocolatey\lib\Elixir\tools\bin;G:\temp\zig;C:\Strawberry\c\binx;C:\Strawberry\perl\site\bin;C:\Strawberry\perl\bin;C:\Program Files\WireGuard\;C:\Program Files\NVIDIA Corporation\Nsight Compute 2020.1.1\;C:\Program Files\NVIDIA GPU Computing Toolkit\CUDA\v12.1\bin\\..\extras\CUPTI\lib64;C:\Ruby32-x64\bin;C:\Program Files (x86)\Intel\oneAPI\tbb\latest\redist\intel64\vc_mt\;C:\Program Files (x86)\Intel\oneAPI\tbb\latest\redist\ia32\vc_mt\;C:\Program Files (x86)\Intel\oneAPI\compiler\latest\windows\redist\intel64_win\compiler;C:\Program Files (x86)\Intel\oneAPI\compiler\latest\windows\redist\ia32_win\compiler;C:\VulkanSDK\1.3.243.0\Bin;C:\Program Files (x86)\Razer\ChromaBroadcast\bin;C:\Program Files\Razer\ChromaBroadcast\bin;C:\Program Files (x86)\Razer Chroma SDK\bin;C:\Program Files\Razer Chroma SDK\bin;E:\Oculus\Support\oculus-runtime;C:\Program Files (x86)\VMware\VMware Workstation\bin\;C:\Windows\system32;C:\Windows;C:\Windows\System32\Wbem;C:\Windows\System32\WindowsPowerShell\v1.0\;C:\Windows\System32\OpenSSH\;C:\Program Files\NVIDIA Corporation\NVIDIA NvDLISR;C:\Users\jasper\AppData\Roaming\nvm;C:\Program Files\nodejs;H:\Dev\vcpkg;C:\Program Files (x86)\Windows Kits\10\Windows Performance Toolkit\;C:\Program Files\NVIDIA GPU Computing Toolkit\CUDA\v11.0\bin;C:\Users\jasper\AppData\Local\Programs\Microsoft VS Code\bin;C:\Users\jasper\.bun\bin
USERNAME=jasper
OS=Windows_NT
PROCESSOR_IDENTIFIER=AMD64 Family 23 Model 113 Stepping 0, AuthenticAMD



---------------  S Y S T E M  ---------------

OS:
 Windows 11 , 64 bit Build 22621 (10.0.22621.3374)
OS uptime: 0 days 3:27 hours
Hyper-V role detected

CPU: total 24 (initial active 24) (24 cores per cpu, 2 threads per core) family 23 model 113 stepping 0 microcode 0x0, cx8, cmov, fxsr, ht, mmx, 3dnowpref, sse, sse2, sse3, ssse3, sse4a, sse4.1, sse4.2, popcnt, lzcnt, tsc, tscinvbit, avx, avx2, aes, clmul, bmi1, bmi2, adx, sha, fma, vzeroupper, clflush, clflushopt, hv

Memory: 4k page, system-wide physical 32720M (12975M free)
TotalPageFile size 65488M (AvailPageFile size 38266M)
current process WorkingSet (physical memory assigned to process): 89M, peak: 89M
current process commit charge ("private bytes"): 719M, peak: 719M

vm_info: OpenJDK 64-Bit Server VM (18.0.2+9-FR) for windows-amd64 JRE (18.0.2+9-FR), built on Jul 15 2022 20:03:03 by "Administrator" with MS VC++ 15.9 (VS2017)

END.
